15:57:29.131 [Daemon worker Thread 16] INFO  o.a.AndroidAnnotationProcessor:84 - Initialize AndroidAnnotations 3.2 with options {androidManifestFile=E:\src\BroadCast\app\build\intermediates\manifests\full\debug\AndroidManifest.xml, resourcePackageName=com.xuxu.broadcast}
15:57:29.433 [Daemon worker Thread 16] INFO  o.a.AndroidAnnotationProcessor:108 - Start processing for 4 annotations on 8 elements
15:57:29.460 [Daemon worker Thread 16] DEBUG o.a.h.AndroidManifestFinder:98 - AndroidManifest.xml file found with specified path: E:\src\BroadCast\app\build\intermediates\manifests\full\debug\AndroidManifest.xml
15:57:29.874 [Daemon worker Thread 16] WARN  o.a.h.AndroidManifestFinder:252 - A class activity declared in the AndroidManifest.xml cannot be found in the compile path: [com.xuxu.broadcast.MainActivity$BootCompleteReceiver]
15:57:29.876 [Daemon worker Thread 16] INFO  o.a.AndroidAnnotationProcessor:171 - AndroidManifest.xml found: AndroidManifest [applicationPackage=com.xuxu.broadcast, componentQualifiedNames=[com.xuxu.broadcast.MainActivity_], permissionQualifiedNames=[android.permission.ACCESS_NETWORK_STATE, android.permission.RECEIVE_BOOT_COMPLETED], applicationClassName=null, libraryProject=false, debugabble=false, minSdkVersion=15, maxSdkVersion=-1, targetSdkVersion=22]
15:57:29.877 [Daemon worker Thread 16] INFO  o.a.r.ProjectRClassFinder:50 - Found project R class: com.xuxu.broadcast.R
15:57:29.931 [Daemon worker Thread 16] INFO  o.a.r.AndroidRClassFinder:44 - Found Android class: android.R
15:57:30.64 [Daemon worker Thread 16] INFO  o.a.p.ModelValidator:42 - Validating elements
15:57:30.64 [Daemon worker Thread 16] DEBUG o.a.p.ModelValidator:62 - Validating with EActivityHandler: [com.xuxu.broadcast.MainActivity]
15:57:30.93 [Daemon worker Thread 16] DEBUG o.a.p.ModelValidator:62 - Validating with ViewByIdHandler: [tv1, tv2, textView3, button1]
15:57:30.97 [Daemon worker Thread 16] DEBUG o.a.p.ModelValidator:62 - Validating with ClickHandler: [setButton1(android.view.View), textView3Click()]
15:57:30.101 [Daemon worker Thread 16] DEBUG o.a.p.ModelValidator:62 - Validating with AfterViewsHandler: [setView()]
15:57:30.134 [Daemon worker Thread 16] INFO  o.a.p.ModelProcessor:69 - Processing root elements
15:57:30.135 [Daemon worker Thread 16] DEBUG o.a.p.ModelProcessor:160 - Processing root elements EActivityHandler: [com.xuxu.broadcast.MainActivity]
15:57:30.410 [Daemon worker Thread 16] INFO  o.a.p.ModelProcessor:77 - Processing enclosed elements
15:57:30.422 [Daemon worker Thread 16] INFO  o.a.AndroidAnnotationProcessor:250 - Number of files generated by AndroidAnnotations: 1
15:57:30.427 [Daemon worker Thread 16] INFO  o.a.g.ApiCodeGenerator:52 - Writting following API classes in project: []
15:57:30.430 [Daemon worker Thread 16] DEBUG o.a.g.SourceCodewriter:55 - Generating class: com.xuxu.broadcast.MainActivity_
15:57:30.538 [Daemon worker Thread 16] INFO  o.a.p.TimeStats:81 - Time measurements: [Whole Processing = 1105 ms], [Extract Manifest = 419 ms], [Process Annotations = 319 ms], [Find R Classes = 128 ms], [Generate Sources = 117 ms], [Validate Annotations = 54 ms], [Extract Annotations = 22 ms], 
15:57:30.539 [Daemon worker Thread 16] INFO  o.a.AndroidAnnotationProcessor:122 - Finish processing
11:27:31.33 [Daemon worker Thread 8] INFO  o.a.AndroidAnnotationProcessor:84 - Initialize AndroidAnnotations 3.2 with options {androidManifestFile=E:\src\BroadCast\app\build\intermediates\manifests\full\debug\AndroidManifest.xml, resourcePackageName=com.xuxu.broadcast}
11:27:31.650 [Daemon worker Thread 8] INFO  o.a.AndroidAnnotationProcessor:108 - Start processing for 4 annotations on 9 elements
11:27:31.773 [Daemon worker Thread 8] DEBUG o.a.h.AndroidManifestFinder:98 - AndroidManifest.xml file found with specified path: E:\src\BroadCast\app\build\intermediates\manifests\full\debug\AndroidManifest.xml
11:27:32.239 [Daemon worker Thread 8] WARN  o.a.h.AndroidManifestFinder:252 - A class activity declared in the AndroidManifest.xml cannot be found in the compile path: [com.xuxu.broadcast.MainActivity$BootCompleteReceiver]
11:27:32.241 [Daemon worker Thread 8] INFO  o.a.AndroidAnnotationProcessor:171 - AndroidManifest.xml found: AndroidManifest [applicationPackage=com.xuxu.broadcast, componentQualifiedNames=[com.xuxu.broadcast.MainActivity_, com.xuxu.broadcast.NetworkChangeReceiver], permissionQualifiedNames=[android.permission.ACCESS_NETWORK_STATE, android.permission.RECEIVE_BOOT_COMPLETED], applicationClassName=null, libraryProject=false, debugabble=false, minSdkVersion=15, maxSdkVersion=-1, targetSdkVersion=22]
11:27:32.243 [Daemon worker Thread 8] INFO  o.a.r.ProjectRClassFinder:50 - Found project R class: com.xuxu.broadcast.R
11:27:32.281 [Daemon worker Thread 8] INFO  o.a.r.AndroidRClassFinder:44 - Found Android class: android.R
11:27:32.549 [Daemon worker Thread 8] INFO  o.a.p.ModelValidator:42 - Validating elements
11:27:32.550 [Daemon worker Thread 8] DEBUG o.a.p.ModelValidator:62 - Validating with EActivityHandler: [com.xuxu.broadcast.MainActivity]
11:27:32.559 [Daemon worker Thread 8] DEBUG o.a.p.ModelValidator:62 - Validating with ViewByIdHandler: [tv1, tv2, textView3, button1]
11:27:32.567 [Daemon worker Thread 8] DEBUG o.a.p.ModelValidator:62 - Validating with ClickHandler: [setButton1(android.view.View), textView3Click()]
11:27:32.573 [Daemon worker Thread 8] DEBUG o.a.p.ModelValidator:62 - Validating with AfterViewsHandler: [setView()]
11:27:32.597 [Daemon worker Thread 8] INFO  o.a.p.ModelProcessor:69 - Processing root elements
11:27:32.598 [Daemon worker Thread 8] DEBUG o.a.p.ModelProcessor:160 - Processing root elements EActivityHandler: [com.xuxu.broadcast.MainActivity]
11:27:32.709 [Daemon worker Thread 8] INFO  o.a.p.ModelProcessor:77 - Processing enclosed elements
11:27:32.714 [Daemon worker Thread 8] INFO  o.a.AndroidAnnotationProcessor:250 - Number of files generated by AndroidAnnotations: 1
11:27:32.717 [Daemon worker Thread 8] INFO  o.a.g.ApiCodeGenerator:52 - Writting following API classes in project: []
11:27:32.719 [Daemon worker Thread 8] DEBUG o.a.g.SourceCodewriter:55 - Generating class: com.xuxu.broadcast.MainActivity_
11:27:32.816 [Daemon worker Thread 8] INFO  o.a.p.TimeStats:81 - Time measurements: [Whole Processing = 1165 ms], [Extract Manifest = 507 ms], [Find R Classes = 198 ms], [Process Annotations = 140 ms], [Generate Sources = 101 ms], [Extract Annotations = 82 ms], [Validate Annotations = 27 ms], 
11:27:32.816 [Daemon worker Thread 8] INFO  o.a.AndroidAnnotationProcessor:122 - Finish processing
18:23:38.675 [Daemon worker Thread 6] INFO  o.a.AndroidAnnotationProcessor:84 - Initialize AndroidAnnotations 3.2 with options {androidManifestFile=E:\src\BroadCast\app\build\intermediates\manifests\full\debug\AndroidManifest.xml, resourcePackageName=com.xuxu.broadcast}
18:23:39.4 [Daemon worker Thread 6] INFO  o.a.AndroidAnnotationProcessor:108 - Start processing for 4 annotations on 9 elements
18:23:39.33 [Daemon worker Thread 6] DEBUG o.a.h.AndroidManifestFinder:98 - AndroidManifest.xml file found with specified path: E:\src\BroadCast\app\build\intermediates\manifests\full\debug\AndroidManifest.xml
18:23:39.419 [Daemon worker Thread 6] WARN  o.a.h.AndroidManifestFinder:252 - A class activity declared in the AndroidManifest.xml cannot be found in the compile path: [com.xuxu.broadcast.MainActivity$BootCompleteReceiver]
18:23:39.420 [Daemon worker Thread 6] INFO  o.a.AndroidAnnotationProcessor:171 - AndroidManifest.xml found: AndroidManifest [applicationPackage=com.xuxu.broadcast, componentQualifiedNames=[com.xuxu.broadcast.MainActivity_, com.xuxu.broadcast.NetworkChangeReceiver], permissionQualifiedNames=[android.permission.ACCESS_NETWORK_STATE, android.permission.RECEIVE_BOOT_COMPLETED], applicationClassName=null, libraryProject=false, debugabble=false, minSdkVersion=15, maxSdkVersion=-1, targetSdkVersion=22]
18:23:39.421 [Daemon worker Thread 6] INFO  o.a.r.ProjectRClassFinder:50 - Found project R class: com.xuxu.broadcast.R
18:23:39.443 [Daemon worker Thread 6] INFO  o.a.r.AndroidRClassFinder:44 - Found Android class: android.R
18:23:39.561 [Daemon worker Thread 6] INFO  o.a.p.ModelValidator:42 - Validating elements
18:23:39.562 [Daemon worker Thread 6] DEBUG o.a.p.ModelValidator:62 - Validating with EActivityHandler: [com.xuxu.broadcast.MainActivity]
18:23:39.583 [Daemon worker Thread 6] DEBUG o.a.p.ModelValidator:62 - Validating with ViewByIdHandler: [tv1, tv2, textView3, button1]
18:23:39.586 [Daemon worker Thread 6] DEBUG o.a.p.ModelValidator:62 - Validating with ClickHandler: [textView3Click()]
18:23:39.589 [Daemon worker Thread 6] DEBUG o.a.p.ModelValidator:62 - Validating with AfterViewsHandler: [setView()]
18:23:39.605 [Daemon worker Thread 6] INFO  o.a.p.ModelProcessor:69 - Processing root elements
18:23:39.606 [Daemon worker Thread 6] DEBUG o.a.p.ModelProcessor:160 - Processing root elements EActivityHandler: [com.xuxu.broadcast.MainActivity]
18:23:39.736 [Daemon worker Thread 6] INFO  o.a.p.ModelProcessor:77 - Processing enclosed elements
18:23:39.745 [Daemon worker Thread 6] INFO  o.a.AndroidAnnotationProcessor:250 - Number of files generated by AndroidAnnotations: 1
18:23:39.759 [Daemon worker Thread 6] INFO  o.a.g.ApiCodeGenerator:52 - Writting following API classes in project: []
18:23:39.766 [Daemon worker Thread 6] DEBUG o.a.g.SourceCodewriter:55 - Generating class: com.xuxu.broadcast.MainActivity_
18:23:39.869 [Daemon worker Thread 6] INFO  o.a.p.TimeStats:81 - Time measurements: [Whole Processing = 865 ms], [Extract Manifest = 391 ms], [Process Annotations = 155 ms], [Generate Sources = 124 ms], [Find R Classes = 97 ms], [Validate Annotations = 31 ms], [Extract Annotations = 23 ms], 
18:23:39.870 [Daemon worker Thread 6] INFO  o.a.AndroidAnnotationProcessor:122 - Finish processing
18:25:02.977 [Daemon worker Thread 7] INFO  o.a.AndroidAnnotationProcessor:84 - Initialize AndroidAnnotations 3.2 with options {androidManifestFile=E:\src\BroadCast\app\build\intermediates\manifests\full\debug\AndroidManifest.xml, resourcePackageName=com.xuxu.broadcast}
18:25:03.197 [Daemon worker Thread 7] INFO  o.a.AndroidAnnotationProcessor:108 - Start processing for 4 annotations on 9 elements
18:25:03.210 [Daemon worker Thread 7] DEBUG o.a.h.AndroidManifestFinder:98 - AndroidManifest.xml file found with specified path: E:\src\BroadCast\app\build\intermediates\manifests\full\debug\AndroidManifest.xml
18:25:03.225 [Daemon worker Thread 7] WARN  o.a.h.AndroidManifestFinder:252 - A class activity declared in the AndroidManifest.xml cannot be found in the compile path: [com.xuxu.broadcast.MainActivity$BootCompleteReceiver]
18:25:03.227 [Daemon worker Thread 7] INFO  o.a.AndroidAnnotationProcessor:171 - AndroidManifest.xml found: AndroidManifest [applicationPackage=com.xuxu.broadcast, componentQualifiedNames=[com.xuxu.broadcast.MainActivity_, com.xuxu.broadcast.NetworkChangeReceiver], permissionQualifiedNames=[android.permission.ACCESS_NETWORK_STATE, android.permission.RECEIVE_BOOT_COMPLETED], applicationClassName=null, libraryProject=false, debugabble=false, minSdkVersion=15, maxSdkVersion=-1, targetSdkVersion=22]
18:25:03.229 [Daemon worker Thread 7] INFO  o.a.r.ProjectRClassFinder:50 - Found project R class: com.xuxu.broadcast.R
18:25:03.242 [Daemon worker Thread 7] INFO  o.a.r.AndroidRClassFinder:44 - Found Android class: android.R
18:25:03.284 [Daemon worker Thread 7] INFO  o.a.p.ModelValidator:42 - Validating elements
18:25:03.286 [Daemon worker Thread 7] DEBUG o.a.p.ModelValidator:62 - Validating with EActivityHandler: [com.xuxu.broadcast.MainActivity]
18:25:03.291 [Daemon worker Thread 7] DEBUG o.a.p.ModelValidator:62 - Validating with ViewByIdHandler: [tv1, tv2, textView3]
18:25:03.301 [Daemon worker Thread 7] DEBUG o.a.p.ModelValidator:62 - Validating with ClickHandler: [textView3Click()]
18:25:03.306 [Daemon worker Thread 7] DEBUG o.a.p.ModelValidator:62 - Validating with AfterViewsHandler: [setView()]
18:25:03.326 [Daemon worker Thread 7] INFO  o.a.p.ModelProcessor:69 - Processing root elements
18:25:03.327 [Daemon worker Thread 7] DEBUG o.a.p.ModelProcessor:160 - Processing root elements EActivityHandler: [com.xuxu.broadcast.MainActivity]
18:25:03.409 [Daemon worker Thread 7] INFO  o.a.p.ModelProcessor:77 - Processing enclosed elements
18:25:03.421 [Daemon worker Thread 7] INFO  o.a.AndroidAnnotationProcessor:250 - Number of files generated by AndroidAnnotations: 1
18:25:03.426 [Daemon worker Thread 7] INFO  o.a.g.ApiCodeGenerator:52 - Writting following API classes in project: []
18:25:03.429 [Daemon worker Thread 7] DEBUG o.a.g.SourceCodewriter:55 - Generating class: com.xuxu.broadcast.MainActivity_
18:25:03.517 [Daemon worker Thread 7] INFO  o.a.p.TimeStats:81 - Time measurements: [Whole Processing = 320 ms], [Process Annotations = 114 ms], [Generate Sources = 96 ms], [Find R Classes = 34 ms], [Validate Annotations = 24 ms], [Extract Manifest = 19 ms], [Extract Annotations = 9 ms], 
18:25:03.518 [Daemon worker Thread 7] INFO  o.a.AndroidAnnotationProcessor:122 - Finish processing
18:27:47.636 [Daemon worker Thread 8] INFO  o.a.AndroidAnnotationProcessor:84 - Initialize AndroidAnnotations 3.2 with options {androidManifestFile=E:\src\BroadCast\app\build\intermediates\manifests\full\debug\AndroidManifest.xml, resourcePackageName=com.xuxu.broadcast}
18:27:47.870 [Daemon worker Thread 8] INFO  o.a.AndroidAnnotationProcessor:108 - Start processing for 4 annotations on 9 elements
18:27:47.882 [Daemon worker Thread 8] DEBUG o.a.h.AndroidManifestFinder:98 - AndroidManifest.xml file found with specified path: E:\src\BroadCast\app\build\intermediates\manifests\full\debug\AndroidManifest.xml
18:27:47.888 [Daemon worker Thread 8] WARN  o.a.h.AndroidManifestFinder:252 - A class activity declared in the AndroidManifest.xml cannot be found in the compile path: [com.xuxu.broadcast.MainActivity$BootCompleteReceiver]
18:27:47.890 [Daemon worker Thread 8] INFO  o.a.AndroidAnnotationProcessor:171 - AndroidManifest.xml found: AndroidManifest [applicationPackage=com.xuxu.broadcast, componentQualifiedNames=[com.xuxu.broadcast.MainActivity_, com.xuxu.broadcast.NetworkChangeReceiver], permissionQualifiedNames=[android.permission.ACCESS_NETWORK_STATE, android.permission.RECEIVE_BOOT_COMPLETED], applicationClassName=null, libraryProject=false, debugabble=false, minSdkVersion=15, maxSdkVersion=-1, targetSdkVersion=22]
18:27:47.891 [Daemon worker Thread 8] INFO  o.a.r.ProjectRClassFinder:50 - Found project R class: com.xuxu.broadcast.R
18:27:47.908 [Daemon worker Thread 8] INFO  o.a.r.AndroidRClassFinder:44 - Found Android class: android.R
18:27:47.950 [Daemon worker Thread 8] INFO  o.a.p.ModelValidator:42 - Validating elements
18:27:47.951 [Daemon worker Thread 8] DEBUG o.a.p.ModelValidator:62 - Validating with EActivityHandler: [com.xuxu.broadcast.MainActivity]
18:27:47.958 [Daemon worker Thread 8] DEBUG o.a.p.ModelValidator:62 - Validating with ViewByIdHandler: [tv1, tv2, textView3, timeBtn]
18:27:47.962 [Daemon worker Thread 8] DEBUG o.a.p.ModelValidator:62 - Validating with ClickHandler: [textView3Click(), setTimeBtn()]
18:27:47.969 [Daemon worker Thread 8] ERROR o.a.h.AnnotationHelper:126 - Resource name not found in R.id: setTimeBtn
18:27:47.971 [Daemon worker Thread 8] WARN  o.a.p.ModelValidator:69 - Element ClickHandler unvalidated by 
18:27:47.973 [Daemon worker Thread 8] DEBUG o.a.p.ModelValidator:62 - Validating with AfterViewsHandler: [setView()]
18:27:47.995 [Daemon worker Thread 8] INFO  o.a.p.ModelProcessor:69 - Processing root elements
18:27:47.996 [Daemon worker Thread 8] DEBUG o.a.p.ModelProcessor:160 - Processing root elements EActivityHandler: [com.xuxu.broadcast.MainActivity]
18:27:48.49 [Daemon worker Thread 8] INFO  o.a.p.ModelProcessor:77 - Processing enclosed elements
18:27:48.56 [Daemon worker Thread 8] INFO  o.a.AndroidAnnotationProcessor:250 - Number of files generated by AndroidAnnotations: 1
18:27:48.60 [Daemon worker Thread 8] INFO  o.a.g.ApiCodeGenerator:52 - Writting following API classes in project: []
18:27:48.64 [Daemon worker Thread 8] DEBUG o.a.g.SourceCodewriter:55 - Generating class: com.xuxu.broadcast.MainActivity_
18:27:48.140 [Daemon worker Thread 8] INFO  o.a.p.TimeStats:81 - Time measurements: [Whole Processing = 270 ms], [Generate Sources = 85 ms], [Process Annotations = 81 ms], [Find R Classes = 39 ms], [Validate Annotations = 25 ms], [Extract Manifest = 11 ms], [Extract Annotations = 7 ms], 
18:27:48.141 [Daemon worker Thread 8] INFO  o.a.AndroidAnnotationProcessor:122 - Finish processing
18:28:28.519 [Daemon worker Thread 8] INFO  o.a.AndroidAnnotationProcessor:84 - Initialize AndroidAnnotations 3.2 with options {androidManifestFile=E:\src\BroadCast\app\build\intermediates\manifests\full\debug\AndroidManifest.xml, resourcePackageName=com.xuxu.broadcast}
18:28:28.657 [Daemon worker Thread 8] INFO  o.a.AndroidAnnotationProcessor:108 - Start processing for 4 annotations on 9 elements
18:28:28.667 [Daemon worker Thread 8] DEBUG o.a.h.AndroidManifestFinder:98 - AndroidManifest.xml file found with specified path: E:\src\BroadCast\app\build\intermediates\manifests\full\debug\AndroidManifest.xml
18:28:28.674 [Daemon worker Thread 8] WARN  o.a.h.AndroidManifestFinder:252 - A class activity declared in the AndroidManifest.xml cannot be found in the compile path: [com.xuxu.broadcast.MainActivity$BootCompleteReceiver]
18:28:28.676 [Daemon worker Thread 8] INFO  o.a.AndroidAnnotationProcessor:171 - AndroidManifest.xml found: AndroidManifest [applicationPackage=com.xuxu.broadcast, componentQualifiedNames=[com.xuxu.broadcast.MainActivity_, com.xuxu.broadcast.NetworkChangeReceiver], permissionQualifiedNames=[android.permission.ACCESS_NETWORK_STATE, android.permission.RECEIVE_BOOT_COMPLETED], applicationClassName=null, libraryProject=false, debugabble=false, minSdkVersion=15, maxSdkVersion=-1, targetSdkVersion=22]
18:28:28.678 [Daemon worker Thread 8] INFO  o.a.r.ProjectRClassFinder:50 - Found project R class: com.xuxu.broadcast.R
18:28:28.686 [Daemon worker Thread 8] INFO  o.a.r.AndroidRClassFinder:44 - Found Android class: android.R
18:28:28.723 [Daemon worker Thread 8] INFO  o.a.p.ModelValidator:42 - Validating elements
18:28:28.724 [Daemon worker Thread 8] DEBUG o.a.p.ModelValidator:62 - Validating with EActivityHandler: [com.xuxu.broadcast.MainActivity]
18:28:28.730 [Daemon worker Thread 8] DEBUG o.a.p.ModelValidator:62 - Validating with ViewByIdHandler: [tv1, tv2, textView3, timeBtn]
18:28:28.734 [Daemon worker Thread 8] DEBUG o.a.p.ModelValidator:62 - Validating with ClickHandler: [textView3Click(), setTimeBtn()]
18:28:28.739 [Daemon worker Thread 8] DEBUG o.a.p.ModelValidator:62 - Validating with AfterViewsHandler: [setView()]
18:28:28.760 [Daemon worker Thread 8] INFO  o.a.p.ModelProcessor:69 - Processing root elements
18:28:28.761 [Daemon worker Thread 8] DEBUG o.a.p.ModelProcessor:160 - Processing root elements EActivityHandler: [com.xuxu.broadcast.MainActivity]
18:28:28.819 [Daemon worker Thread 8] INFO  o.a.p.ModelProcessor:77 - Processing enclosed elements
18:28:28.825 [Daemon worker Thread 8] INFO  o.a.AndroidAnnotationProcessor:250 - Number of files generated by AndroidAnnotations: 1
18:28:28.829 [Daemon worker Thread 8] INFO  o.a.g.ApiCodeGenerator:52 - Writting following API classes in project: []
18:28:28.832 [Daemon worker Thread 8] DEBUG o.a.g.SourceCodewriter:55 - Generating class: com.xuxu.broadcast.MainActivity_
18:28:28.902 [Daemon worker Thread 8] INFO  o.a.p.TimeStats:81 - Time measurements: [Whole Processing = 246 ms], [Process Annotations = 85 ms], [Generate Sources = 77 ms], [Find R Classes = 26 ms], [Validate Annotations = 18 ms], [Extract Manifest = 11 ms], [Extract Annotations = 6 ms], 
18:28:28.903 [Daemon worker Thread 8] INFO  o.a.AndroidAnnotationProcessor:122 - Finish processing
18:33:22.694 [Daemon worker Thread 9] INFO  o.a.AndroidAnnotationProcessor:84 - Initialize AndroidAnnotations 3.2 with options {androidManifestFile=E:\src\BroadCast\app\build\intermediates\manifests\full\debug\AndroidManifest.xml, resourcePackageName=com.xuxu.broadcast}
18:33:22.943 [Daemon worker Thread 9] INFO  o.a.AndroidAnnotationProcessor:108 - Start processing for 4 annotations on 9 elements
18:33:22.953 [Daemon worker Thread 9] DEBUG o.a.h.AndroidManifestFinder:98 - AndroidManifest.xml file found with specified path: E:\src\BroadCast\app\build\intermediates\manifests\full\debug\AndroidManifest.xml
18:33:22.959 [Daemon worker Thread 9] WARN  o.a.h.AndroidManifestFinder:252 - A class activity declared in the AndroidManifest.xml cannot be found in the compile path: [com.xuxu.broadcast.MainActivity$BootCompleteReceiver]
18:33:22.961 [Daemon worker Thread 9] INFO  o.a.AndroidAnnotationProcessor:171 - AndroidManifest.xml found: AndroidManifest [applicationPackage=com.xuxu.broadcast, componentQualifiedNames=[com.xuxu.broadcast.MainActivity_, com.xuxu.broadcast.NetworkChangeReceiver], permissionQualifiedNames=[android.permission.ACCESS_NETWORK_STATE, android.permission.RECEIVE_BOOT_COMPLETED], applicationClassName=null, libraryProject=false, debugabble=false, minSdkVersion=15, maxSdkVersion=-1, targetSdkVersion=22]
18:33:22.963 [Daemon worker Thread 9] INFO  o.a.r.ProjectRClassFinder:50 - Found project R class: com.xuxu.broadcast.R
18:33:22.969 [Daemon worker Thread 9] INFO  o.a.r.AndroidRClassFinder:44 - Found Android class: android.R
18:33:22.991 [Daemon worker Thread 9] INFO  o.a.p.ModelValidator:42 - Validating elements
18:33:22.992 [Daemon worker Thread 9] DEBUG o.a.p.ModelValidator:62 - Validating with EActivityHandler: [com.xuxu.broadcast.MainActivity]
18:33:22.996 [Daemon worker Thread 9] DEBUG o.a.p.ModelValidator:62 - Validating with ViewByIdHandler: [tv1, tv2, textView3, timeBtn]
18:33:23.0 [Daemon worker Thread 9] DEBUG o.a.p.ModelValidator:62 - Validating with ClickHandler: [textView3Click(), button1CLick()]
18:33:23.3 [Daemon worker Thread 9] DEBUG o.a.p.ModelValidator:62 - Validating with AfterViewsHandler: [setView()]
18:33:23.17 [Daemon worker Thread 9] INFO  o.a.p.ModelProcessor:69 - Processing root elements
18:33:23.17 [Daemon worker Thread 9] DEBUG o.a.p.ModelProcessor:160 - Processing root elements EActivityHandler: [com.xuxu.broadcast.MainActivity]
18:33:23.56 [Daemon worker Thread 9] INFO  o.a.p.ModelProcessor:77 - Processing enclosed elements
18:33:23.60 [Daemon worker Thread 9] INFO  o.a.AndroidAnnotationProcessor:250 - Number of files generated by AndroidAnnotations: 1
18:33:23.64 [Daemon worker Thread 9] INFO  o.a.g.ApiCodeGenerator:52 - Writting following API classes in project: []
18:33:23.66 [Daemon worker Thread 9] DEBUG o.a.g.SourceCodewriter:55 - Generating class: com.xuxu.broadcast.MainActivity_
18:33:23.120 [Daemon worker Thread 9] INFO  o.a.p.TimeStats:81 - Time measurements: [Whole Processing = 177 ms], [Generate Sources = 60 ms], [Process Annotations = 56 ms], [Find R Classes = 18 ms], [Validate Annotations = 13 ms], [Extract Manifest = 10 ms], [Extract Annotations = 6 ms], 
18:33:23.120 [Daemon worker Thread 9] INFO  o.a.AndroidAnnotationProcessor:122 - Finish processing
18:35:23.271 [Daemon worker Thread 10] INFO  o.a.AndroidAnnotationProcessor:84 - Initialize AndroidAnnotations 3.2 with options {androidManifestFile=E:\src\BroadCast\app\build\intermediates\manifests\full\debug\AndroidManifest.xml, resourcePackageName=com.xuxu.broadcast}
18:35:23.387 [Daemon worker Thread 10] INFO  o.a.AndroidAnnotationProcessor:108 - Start processing for 4 annotations on 9 elements
18:35:23.395 [Daemon worker Thread 10] DEBUG o.a.h.AndroidManifestFinder:98 - AndroidManifest.xml file found with specified path: E:\src\BroadCast\app\build\intermediates\manifests\full\debug\AndroidManifest.xml
18:35:23.401 [Daemon worker Thread 10] WARN  o.a.h.AndroidManifestFinder:252 - A class activity declared in the AndroidManifest.xml cannot be found in the compile path: [com.xuxu.broadcast.MainActivity$BootCompleteReceiver]
18:35:23.403 [Daemon worker Thread 10] INFO  o.a.AndroidAnnotationProcessor:171 - AndroidManifest.xml found: AndroidManifest [applicationPackage=com.xuxu.broadcast, componentQualifiedNames=[com.xuxu.broadcast.MainActivity_, com.xuxu.broadcast.NetworkChangeReceiver], permissionQualifiedNames=[android.permission.ACCESS_NETWORK_STATE, android.permission.RECEIVE_BOOT_COMPLETED], applicationClassName=null, libraryProject=false, debugabble=false, minSdkVersion=15, maxSdkVersion=-1, targetSdkVersion=22]
18:35:23.404 [Daemon worker Thread 10] INFO  o.a.r.ProjectRClassFinder:50 - Found project R class: com.xuxu.broadcast.R
18:35:23.411 [Daemon worker Thread 10] INFO  o.a.r.AndroidRClassFinder:44 - Found Android class: android.R
18:35:23.434 [Daemon worker Thread 10] INFO  o.a.p.ModelValidator:42 - Validating elements
18:35:23.435 [Daemon worker Thread 10] DEBUG o.a.p.ModelValidator:62 - Validating with EActivityHandler: [com.xuxu.broadcast.MainActivity]
18:35:23.439 [Daemon worker Thread 10] DEBUG o.a.p.ModelValidator:62 - Validating with ViewByIdHandler: [tv1, tv2, textView3, timeBtn]
18:35:23.442 [Daemon worker Thread 10] DEBUG o.a.p.ModelValidator:62 - Validating with ClickHandler: [textView3Click(), button1CLick()]
18:35:23.447 [Daemon worker Thread 10] DEBUG o.a.p.ModelValidator:62 - Validating with AfterViewsHandler: [setView()]
18:35:23.481 [Daemon worker Thread 10] INFO  o.a.p.ModelProcessor:69 - Processing root elements
18:35:23.482 [Daemon worker Thread 10] DEBUG o.a.p.ModelProcessor:160 - Processing root elements EActivityHandler: [com.xuxu.broadcast.MainActivity]
18:35:23.546 [Daemon worker Thread 10] INFO  o.a.p.ModelProcessor:77 - Processing enclosed elements
18:35:23.555 [Daemon worker Thread 10] INFO  o.a.AndroidAnnotationProcessor:250 - Number of files generated by AndroidAnnotations: 1
18:35:23.559 [Daemon worker Thread 10] INFO  o.a.g.ApiCodeGenerator:52 - Writting following API classes in project: []
18:35:23.563 [Daemon worker Thread 10] DEBUG o.a.g.SourceCodewriter:55 - Generating class: com.xuxu.broadcast.MainActivity_
18:35:23.649 [Daemon worker Thread 10] INFO  o.a.p.TimeStats:81 - Time measurements: [Whole Processing = 262 ms], [Process Annotations = 107 ms], [Generate Sources = 94 ms], [Find R Classes = 18 ms], [Validate Annotations = 15 ms], [Extract Manifest = 10 ms], [Extract Annotations = 5 ms], 
18:35:23.650 [Daemon worker Thread 10] INFO  o.a.AndroidAnnotationProcessor:122 - Finish processing
15:26:09.782 [Daemon worker] INFO  o.a.AndroidAnnotationProcessor:84 - Initialize AndroidAnnotations 3.2 with options {androidManifestFile=E:\src\BroadCast\app\build\intermediates\manifests\full\debug\AndroidManifest.xml, resourcePackageName=com.xuxu.broadcast}
15:26:10.138 [Daemon worker] INFO  o.a.AndroidAnnotationProcessor:108 - Start processing for 4 annotations on 9 elements
15:26:10.198 [Daemon worker] DEBUG o.a.h.AndroidManifestFinder:98 - AndroidManifest.xml file found with specified path: E:\src\BroadCast\app\build\intermediates\manifests\full\debug\AndroidManifest.xml
15:26:10.558 [Daemon worker] WARN  o.a.h.AndroidManifestFinder:252 - A class activity declared in the AndroidManifest.xml cannot be found in the compile path: [com.xuxu.broadcast.MainActivity$BootCompleteReceiver]
15:26:10.558 [Daemon worker] INFO  o.a.AndroidAnnotationProcessor:171 - AndroidManifest.xml found: AndroidManifest [applicationPackage=com.xuxu.broadcast, componentQualifiedNames=[com.xuxu.broadcast.MainActivity_, com.xuxu.broadcast.NetworkChangeReceiver], permissionQualifiedNames=[android.permission.ACCESS_NETWORK_STATE, android.permission.RECEIVE_BOOT_COMPLETED], applicationClassName=null, libraryProject=false, debugabble=false, minSdkVersion=15, maxSdkVersion=-1, targetSdkVersion=22]
15:26:10.568 [Daemon worker] INFO  o.a.r.ProjectRClassFinder:50 - Found project R class: com.xuxu.broadcast.R
15:26:10.628 [Daemon worker] INFO  o.a.r.AndroidRClassFinder:44 - Found Android class: android.R
15:26:10.778 [Daemon worker] INFO  o.a.p.ModelValidator:42 - Validating elements
15:26:10.778 [Daemon worker] DEBUG o.a.p.ModelValidator:62 - Validating with EActivityHandler: [com.xuxu.broadcast.MainActivity]
15:26:10.808 [Daemon worker] DEBUG o.a.p.ModelValidator:62 - Validating with ViewByIdHandler: [tv1, tv2, textView3, timeBtn]
15:26:10.808 [Daemon worker] DEBUG o.a.p.ModelValidator:62 - Validating with ClickHandler: [textView3Click(), button1CLick()]
15:26:10.808 [Daemon worker] DEBUG o.a.p.ModelValidator:62 - Validating with AfterViewsHandler: [setView()]
15:26:10.828 [Daemon worker] INFO  o.a.p.ModelProcessor:69 - Processing root elements
15:26:10.828 [Daemon worker] DEBUG o.a.p.ModelProcessor:160 - Processing root elements EActivityHandler: [com.xuxu.broadcast.MainActivity]
15:26:10.908 [Daemon worker] INFO  o.a.p.ModelProcessor:77 - Processing enclosed elements
15:26:10.918 [Daemon worker] INFO  o.a.AndroidAnnotationProcessor:250 - Number of files generated by AndroidAnnotations: 1
15:26:10.918 [Daemon worker] INFO  o.a.g.ApiCodeGenerator:52 - Writting following API classes in project: []
15:26:10.918 [Daemon worker] DEBUG o.a.g.SourceCodewriter:55 - Generating class: com.xuxu.broadcast.MainActivity_
15:26:10.999 [Daemon worker] INFO  o.a.p.TimeStats:81 - Time measurements: [Whole Processing = 861 ms], [Extract Manifest = 370 ms], [Find R Classes = 180 ms], [Process Annotations = 110 ms], [Generate Sources = 81 ms], [Extract Annotations = 50 ms], [Validate Annotations = 30 ms], 
15:26:11.0 [Daemon worker] INFO  o.a.AndroidAnnotationProcessor:122 - Finish processing
15:32:05.635 [Daemon worker Thread 2] INFO  o.a.AndroidAnnotationProcessor:84 - Initialize AndroidAnnotations 3.2 with options {androidManifestFile=E:\src\BroadCast\app\build\intermediates\manifests\full\debug\AndroidManifest.xml, resourcePackageName=com.xuxu.broadcast}
15:32:05.955 [Daemon worker Thread 2] INFO  o.a.AndroidAnnotationProcessor:108 - Start processing for 4 annotations on 9 elements
15:32:05.970 [Daemon worker Thread 2] DEBUG o.a.h.AndroidManifestFinder:98 - AndroidManifest.xml file found with specified path: E:\src\BroadCast\app\build\intermediates\manifests\full\debug\AndroidManifest.xml
15:32:05.979 [Daemon worker Thread 2] WARN  o.a.h.AndroidManifestFinder:252 - A class activity declared in the AndroidManifest.xml cannot be found in the compile path: [com.xuxu.broadcast.MainActivity$BootCompleteReceiver]
15:32:05.981 [Daemon worker Thread 2] INFO  o.a.AndroidAnnotationProcessor:171 - AndroidManifest.xml found: AndroidManifest [applicationPackage=com.xuxu.broadcast, componentQualifiedNames=[com.xuxu.broadcast.MainActivity_, com.xuxu.broadcast.NetworkChangeReceiver], permissionQualifiedNames=[android.permission.ACCESS_NETWORK_STATE, android.permission.RECEIVE_BOOT_COMPLETED], applicationClassName=null, libraryProject=false, debugabble=false, minSdkVersion=15, maxSdkVersion=-1, targetSdkVersion=22]
15:32:05.983 [Daemon worker Thread 2] INFO  o.a.r.ProjectRClassFinder:50 - Found project R class: com.xuxu.broadcast.R
15:32:06.0 [Daemon worker Thread 2] INFO  o.a.r.AndroidRClassFinder:44 - Found Android class: android.R
15:32:06.43 [Daemon worker Thread 2] INFO  o.a.p.ModelValidator:42 - Validating elements
15:32:06.46 [Daemon worker Thread 2] DEBUG o.a.p.ModelValidator:62 - Validating with EActivityHandler: [com.xuxu.broadcast.MainActivity]
15:32:06.50 [Daemon worker Thread 2] DEBUG o.a.p.ModelValidator:62 - Validating with ViewByIdHandler: [tv1, tv2, textView3, timeBtn]
15:32:06.55 [Daemon worker Thread 2] DEBUG o.a.p.ModelValidator:62 - Validating with ClickHandler: [textView3Click(), button1CLick()]
15:32:06.60 [Daemon worker Thread 2] DEBUG o.a.p.ModelValidator:62 - Validating with AfterViewsHandler: [setView()]
15:32:06.81 [Daemon worker Thread 2] INFO  o.a.p.ModelProcessor:69 - Processing root elements
15:32:06.81 [Daemon worker Thread 2] DEBUG o.a.p.ModelProcessor:160 - Processing root elements EActivityHandler: [com.xuxu.broadcast.MainActivity]
15:32:06.157 [Daemon worker Thread 2] INFO  o.a.p.ModelProcessor:77 - Processing enclosed elements
15:32:06.164 [Daemon worker Thread 2] INFO  o.a.AndroidAnnotationProcessor:250 - Number of files generated by AndroidAnnotations: 1
15:32:06.168 [Daemon worker Thread 2] INFO  o.a.g.ApiCodeGenerator:52 - Writting following API classes in project: []
15:32:06.171 [Daemon worker Thread 2] DEBUG o.a.g.SourceCodewriter:55 - Generating class: com.xuxu.broadcast.MainActivity_
15:32:06.255 [Daemon worker Thread 2] INFO  o.a.p.TimeStats:81 - Time measurements: [Whole Processing = 301 ms], [Process Annotations = 102 ms], [Generate Sources = 92 ms], [Find R Classes = 38 ms], [Validate Annotations = 19 ms], [Extract Manifest = 14 ms], [Extract Annotations = 10 ms], 
15:32:06.256 [Daemon worker Thread 2] INFO  o.a.AndroidAnnotationProcessor:122 - Finish processing
15:32:49.934 [Daemon worker Thread 2] INFO  o.a.AndroidAnnotationProcessor:84 - Initialize AndroidAnnotations 3.2 with options {androidManifestFile=E:\src\BroadCast\app\build\intermediates\manifests\full\debug\AndroidManifest.xml, resourcePackageName=com.xuxu.broadcast}
15:32:50.122 [Daemon worker Thread 2] INFO  o.a.AndroidAnnotationProcessor:108 - Start processing for 4 annotations on 9 elements
15:32:50.135 [Daemon worker Thread 2] DEBUG o.a.h.AndroidManifestFinder:98 - AndroidManifest.xml file found with specified path: E:\src\BroadCast\app\build\intermediates\manifests\full\debug\AndroidManifest.xml
15:32:50.143 [Daemon worker Thread 2] WARN  o.a.h.AndroidManifestFinder:252 - A class activity declared in the AndroidManifest.xml cannot be found in the compile path: [com.xuxu.broadcast.MainActivity$BootCompleteReceiver]
15:32:50.145 [Daemon worker Thread 2] INFO  o.a.AndroidAnnotationProcessor:171 - AndroidManifest.xml found: AndroidManifest [applicationPackage=com.xuxu.broadcast, componentQualifiedNames=[com.xuxu.broadcast.MainActivity_, com.xuxu.broadcast.NetworkChangeReceiver], permissionQualifiedNames=[android.permission.ACCESS_NETWORK_STATE, android.permission.RECEIVE_BOOT_COMPLETED], applicationClassName=null, libraryProject=false, debugabble=false, minSdkVersion=15, maxSdkVersion=-1, targetSdkVersion=22]
15:32:50.147 [Daemon worker Thread 2] INFO  o.a.r.ProjectRClassFinder:50 - Found project R class: com.xuxu.broadcast.R
15:32:50.165 [Daemon worker Thread 2] INFO  o.a.r.AndroidRClassFinder:44 - Found Android class: android.R
15:32:50.215 [Daemon worker Thread 2] INFO  o.a.p.ModelValidator:42 - Validating elements
15:32:50.217 [Daemon worker Thread 2] DEBUG o.a.p.ModelValidator:62 - Validating with EActivityHandler: [com.xuxu.broadcast.MainActivity]
15:32:50.222 [Daemon worker Thread 2] DEBUG o.a.p.ModelValidator:62 - Validating with ViewByIdHandler: [tv1, tv2, textView3, timeBtn]
15:32:50.227 [Daemon worker Thread 2] DEBUG o.a.p.ModelValidator:62 - Validating with ClickHandler: [textView3Click(), button1CLick()]
15:32:50.232 [Daemon worker Thread 2] DEBUG o.a.p.ModelValidator:62 - Validating with AfterViewsHandler: [setView()]
15:32:50.255 [Daemon worker Thread 2] INFO  o.a.p.ModelProcessor:69 - Processing root elements
15:32:50.256 [Daemon worker Thread 2] DEBUG o.a.p.ModelProcessor:160 - Processing root elements EActivityHandler: [com.xuxu.broadcast.MainActivity]
15:32:50.326 [Daemon worker Thread 2] INFO  o.a.p.ModelProcessor:77 - Processing enclosed elements
15:32:50.385 [Daemon worker Thread 2] INFO  o.a.AndroidAnnotationProcessor:250 - Number of files generated by AndroidAnnotations: 1
15:32:50.389 [Daemon worker Thread 2] INFO  o.a.g.ApiCodeGenerator:52 - Writting following API classes in project: []
15:32:50.393 [Daemon worker Thread 2] DEBUG o.a.g.SourceCodewriter:55 - Generating class: com.xuxu.broadcast.MainActivity_
15:32:50.467 [Daemon worker Thread 2] INFO  o.a.p.TimeStats:81 - Time measurements: [Whole Processing = 345 ms], [Process Annotations = 151 ms], [Generate Sources = 83 ms], [Find R Classes = 46 ms], [Validate Annotations = 19 ms], [Extract Manifest = 13 ms], [Extract Annotations = 8 ms], 
15:32:50.468 [Daemon worker Thread 2] INFO  o.a.AndroidAnnotationProcessor:122 - Finish processing
15:34:26.577 [Daemon worker Thread 3] INFO  o.a.AndroidAnnotationProcessor:84 - Initialize AndroidAnnotations 3.2 with options {androidManifestFile=E:\src\BroadCast\app\build\intermediates\manifests\full\debug\AndroidManifest.xml, resourcePackageName=com.xuxu.broadcast}
15:34:26.729 [Daemon worker Thread 3] INFO  o.a.AndroidAnnotationProcessor:108 - Start processing for 4 annotations on 9 elements
15:34:26.738 [Daemon worker Thread 3] DEBUG o.a.h.AndroidManifestFinder:98 - AndroidManifest.xml file found with specified path: E:\src\BroadCast\app\build\intermediates\manifests\full\debug\AndroidManifest.xml
15:34:26.747 [Daemon worker Thread 3] WARN  o.a.h.AndroidManifestFinder:252 - A class activity declared in the AndroidManifest.xml cannot be found in the compile path: [com.xuxu.broadcast.MainActivity$BootCompleteReceiver]
15:34:26.749 [Daemon worker Thread 3] INFO  o.a.AndroidAnnotationProcessor:171 - AndroidManifest.xml found: AndroidManifest [applicationPackage=com.xuxu.broadcast, componentQualifiedNames=[com.xuxu.broadcast.MainActivity_, com.xuxu.broadcast.NetworkChangeReceiver], permissionQualifiedNames=[android.permission.ACCESS_NETWORK_STATE, android.permission.RECEIVE_BOOT_COMPLETED], applicationClassName=null, libraryProject=false, debugabble=false, minSdkVersion=15, maxSdkVersion=-1, targetSdkVersion=22]
15:34:26.750 [Daemon worker Thread 3] INFO  o.a.r.ProjectRClassFinder:50 - Found project R class: com.xuxu.broadcast.R
15:34:26.763 [Daemon worker Thread 3] INFO  o.a.r.AndroidRClassFinder:44 - Found Android class: android.R
15:34:26.794 [Daemon worker Thread 3] INFO  o.a.p.ModelValidator:42 - Validating elements
15:34:26.794 [Daemon worker Thread 3] DEBUG o.a.p.ModelValidator:62 - Validating with EActivityHandler: [com.xuxu.broadcast.MainActivity]
15:34:26.799 [Daemon worker Thread 3] DEBUG o.a.p.ModelValidator:62 - Validating with ViewByIdHandler: [tv1, tv2, textView3, timeBtn]
15:34:26.804 [Daemon worker Thread 3] DEBUG o.a.p.ModelValidator:62 - Validating with ClickHandler: [textView3Click(), button1CLick()]
15:34:26.809 [Daemon worker Thread 3] DEBUG o.a.p.ModelValidator:62 - Validating with AfterViewsHandler: [setView()]
15:34:26.826 [Daemon worker Thread 3] INFO  o.a.p.ModelProcessor:69 - Processing root elements
15:34:26.827 [Daemon worker Thread 3] DEBUG o.a.p.ModelProcessor:160 - Processing root elements EActivityHandler: [com.xuxu.broadcast.MainActivity]
15:34:26.866 [Daemon worker Thread 3] INFO  o.a.p.ModelProcessor:77 - Processing enclosed elements
15:34:26.870 [Daemon worker Thread 3] INFO  o.a.AndroidAnnotationProcessor:250 - Number of files generated by AndroidAnnotations: 1
15:34:26.873 [Daemon worker Thread 3] INFO  o.a.g.ApiCodeGenerator:52 - Writting following API classes in project: []
15:34:26.875 [Daemon worker Thread 3] DEBUG o.a.g.SourceCodewriter:55 - Generating class: com.xuxu.broadcast.MainActivity_
15:34:26.941 [Daemon worker Thread 3] INFO  o.a.p.TimeStats:81 - Time measurements: [Whole Processing = 211 ms], [Generate Sources = 70 ms], [Process Annotations = 60 ms], [Find R Classes = 27 ms], [Validate Annotations = 18 ms], [Extract Manifest = 13 ms], [Extract Annotations = 6 ms], 
15:34:26.941 [Daemon worker Thread 3] INFO  o.a.AndroidAnnotationProcessor:122 - Finish processing
15:36:10.838 [Daemon worker Thread 4] INFO  o.a.AndroidAnnotationProcessor:84 - Initialize AndroidAnnotations 3.2 with options {androidManifestFile=E:\src\BroadCast\app\build\intermediates\manifests\full\debug\AndroidManifest.xml, resourcePackageName=com.xuxu.broadcast}
15:36:11.6 [Daemon worker Thread 4] INFO  o.a.AndroidAnnotationProcessor:108 - Start processing for 4 annotations on 9 elements
15:36:11.19 [Daemon worker Thread 4] DEBUG o.a.h.AndroidManifestFinder:98 - AndroidManifest.xml file found with specified path: E:\src\BroadCast\app\build\intermediates\manifests\full\debug\AndroidManifest.xml
15:36:11.28 [Daemon worker Thread 4] WARN  o.a.h.AndroidManifestFinder:252 - A class activity declared in the AndroidManifest.xml cannot be found in the compile path: [com.xuxu.broadcast.MainActivity$BootCompleteReceiver]
15:36:11.30 [Daemon worker Thread 4] INFO  o.a.AndroidAnnotationProcessor:171 - AndroidManifest.xml found: AndroidManifest [applicationPackage=com.xuxu.broadcast, componentQualifiedNames=[com.xuxu.broadcast.MainActivity_, com.xuxu.broadcast.NetworkChangeReceiver], permissionQualifiedNames=[android.permission.ACCESS_NETWORK_STATE, android.permission.RECEIVE_BOOT_COMPLETED], applicationClassName=null, libraryProject=false, debugabble=false, minSdkVersion=15, maxSdkVersion=-1, targetSdkVersion=22]
15:36:11.32 [Daemon worker Thread 4] INFO  o.a.r.ProjectRClassFinder:50 - Found project R class: com.xuxu.broadcast.R
15:36:11.43 [Daemon worker Thread 4] INFO  o.a.r.AndroidRClassFinder:44 - Found Android class: android.R
15:36:11.78 [Daemon worker Thread 4] INFO  o.a.p.ModelValidator:42 - Validating elements
15:36:11.79 [Daemon worker Thread 4] DEBUG o.a.p.ModelValidator:62 - Validating with EActivityHandler: [com.xuxu.broadcast.MainActivity]
15:36:11.83 [Daemon worker Thread 4] DEBUG o.a.p.ModelValidator:62 - Validating with ViewByIdHandler: [tv1, tv2, textView3, timeBtn]
15:36:11.87 [Daemon worker Thread 4] DEBUG o.a.p.ModelValidator:62 - Validating with ClickHandler: [textView3Click(), button1CLick()]
15:36:11.91 [Daemon worker Thread 4] DEBUG o.a.p.ModelValidator:62 - Validating with AfterViewsHandler: [setView()]
15:36:11.108 [Daemon worker Thread 4] INFO  o.a.p.ModelProcessor:69 - Processing root elements
15:36:11.109 [Daemon worker Thread 4] DEBUG o.a.p.ModelProcessor:160 - Processing root elements EActivityHandler: [com.xuxu.broadcast.MainActivity]
15:36:11.164 [Daemon worker Thread 4] INFO  o.a.p.ModelProcessor:77 - Processing enclosed elements
15:36:11.171 [Daemon worker Thread 4] INFO  o.a.AndroidAnnotationProcessor:250 - Number of files generated by AndroidAnnotations: 1
15:36:11.174 [Daemon worker Thread 4] INFO  o.a.g.ApiCodeGenerator:52 - Writting following API classes in project: []
15:36:11.178 [Daemon worker Thread 4] DEBUG o.a.g.SourceCodewriter:55 - Generating class: com.xuxu.broadcast.MainActivity_
15:36:11.254 [Daemon worker Thread 4] INFO  o.a.p.TimeStats:81 - Time measurements: [Whole Processing = 248 ms], [Generate Sources = 83 ms], [Process Annotations = 80 ms], [Find R Classes = 27 ms], [Extract Manifest = 14 ms], [Validate Annotations = 14 ms], [Extract Annotations = 8 ms], 
15:36:11.255 [Daemon worker Thread 4] INFO  o.a.AndroidAnnotationProcessor:122 - Finish processing
15:38:00.778 [Daemon worker Thread 5] INFO  o.a.AndroidAnnotationProcessor:84 - Initialize AndroidAnnotations 3.2 with options {androidManifestFile=E:\src\BroadCast\app\build\intermediates\manifests\full\debug\AndroidManifest.xml, resourcePackageName=com.xuxu.broadcast}
15:38:00.918 [Daemon worker Thread 5] INFO  o.a.AndroidAnnotationProcessor:108 - Start processing for 4 annotations on 9 elements
15:38:00.929 [Daemon worker Thread 5] DEBUG o.a.h.AndroidManifestFinder:98 - AndroidManifest.xml file found with specified path: E:\src\BroadCast\app\build\intermediates\manifests\full\debug\AndroidManifest.xml
15:38:00.935 [Daemon worker Thread 5] WARN  o.a.h.AndroidManifestFinder:252 - A class activity declared in the AndroidManifest.xml cannot be found in the compile path: [com.xuxu.broadcast.MainActivity$BootCompleteReceiver]
15:38:00.937 [Daemon worker Thread 5] INFO  o.a.AndroidAnnotationProcessor:171 - AndroidManifest.xml found: AndroidManifest [applicationPackage=com.xuxu.broadcast, componentQualifiedNames=[com.xuxu.broadcast.MainActivity_, com.xuxu.broadcast.NetworkChangeReceiver], permissionQualifiedNames=[android.permission.ACCESS_NETWORK_STATE, android.permission.RECEIVE_BOOT_COMPLETED], applicationClassName=null, libraryProject=false, debugabble=false, minSdkVersion=15, maxSdkVersion=-1, targetSdkVersion=22]
15:38:00.939 [Daemon worker Thread 5] INFO  o.a.r.ProjectRClassFinder:50 - Found project R class: com.xuxu.broadcast.R
15:38:00.951 [Daemon worker Thread 5] INFO  o.a.r.AndroidRClassFinder:44 - Found Android class: android.R
15:38:00.983 [Daemon worker Thread 5] INFO  o.a.p.ModelValidator:42 - Validating elements
15:38:00.984 [Daemon worker Thread 5] DEBUG o.a.p.ModelValidator:62 - Validating with EActivityHandler: [com.xuxu.broadcast.MainActivity]
15:38:00.988 [Daemon worker Thread 5] DEBUG o.a.p.ModelValidator:62 - Validating with ViewByIdHandler: [tv1, tv2, textView3, timeBtn]
15:38:00.991 [Daemon worker Thread 5] DEBUG o.a.p.ModelValidator:62 - Validating with ClickHandler: [textView3Click(), button1CLick()]
15:38:00.994 [Daemon worker Thread 5] DEBUG o.a.p.ModelValidator:62 - Validating with AfterViewsHandler: [setView()]
15:38:01.10 [Daemon worker Thread 5] INFO  o.a.p.ModelProcessor:69 - Processing root elements
15:38:01.10 [Daemon worker Thread 5] DEBUG o.a.p.ModelProcessor:160 - Processing root elements EActivityHandler: [com.xuxu.broadcast.MainActivity]
15:38:01.48 [Daemon worker Thread 5] INFO  o.a.p.ModelProcessor:77 - Processing enclosed elements
15:38:01.53 [Daemon worker Thread 5] INFO  o.a.AndroidAnnotationProcessor:250 - Number of files generated by AndroidAnnotations: 1
15:38:01.57 [Daemon worker Thread 5] INFO  o.a.g.ApiCodeGenerator:52 - Writting following API classes in project: []
15:38:01.60 [Daemon worker Thread 5] DEBUG o.a.g.SourceCodewriter:55 - Generating class: com.xuxu.broadcast.MainActivity_
15:38:01.116 [Daemon worker Thread 5] INFO  o.a.p.TimeStats:81 - Time measurements: [Whole Processing = 198 ms], [Generate Sources = 63 ms], [Process Annotations = 58 ms], [Find R Classes = 28 ms], [Validate Annotations = 13 ms], [Extract Manifest = 10 ms], [Extract Annotations = 8 ms], 
15:38:01.117 [Daemon worker Thread 5] INFO  o.a.AndroidAnnotationProcessor:122 - Finish processing
15:39:13.897 [Daemon worker Thread 6] INFO  o.a.AndroidAnnotationProcessor:84 - Initialize AndroidAnnotations 3.2 with options {androidManifestFile=E:\src\BroadCast\app\build\intermediates\manifests\full\debug\AndroidManifest.xml, resourcePackageName=com.xuxu.broadcast}
15:39:14.47 [Daemon worker Thread 6] INFO  o.a.AndroidAnnotationProcessor:108 - Start processing for 4 annotations on 9 elements
15:39:14.67 [Daemon worker Thread 6] DEBUG o.a.h.AndroidManifestFinder:98 - AndroidManifest.xml file found with specified path: E:\src\BroadCast\app\build\intermediates\manifests\full\debug\AndroidManifest.xml
15:39:14.67 [Daemon worker Thread 6] WARN  o.a.h.AndroidManifestFinder:252 - A class activity declared in the AndroidManifest.xml cannot be found in the compile path: [com.xuxu.broadcast.MainActivity$BootCompleteReceiver]
15:39:14.67 [Daemon worker Thread 6] INFO  o.a.AndroidAnnotationProcessor:171 - AndroidManifest.xml found: AndroidManifest [applicationPackage=com.xuxu.broadcast, componentQualifiedNames=[com.xuxu.broadcast.MainActivity_, com.xuxu.broadcast.NetworkChangeReceiver], permissionQualifiedNames=[android.permission.ACCESS_NETWORK_STATE, android.permission.RECEIVE_BOOT_COMPLETED], applicationClassName=null, libraryProject=false, debugabble=false, minSdkVersion=15, maxSdkVersion=-1, targetSdkVersion=22]
15:39:14.67 [Daemon worker Thread 6] INFO  o.a.r.ProjectRClassFinder:50 - Found project R class: com.xuxu.broadcast.R
15:39:14.77 [Daemon worker Thread 6] INFO  o.a.r.AndroidRClassFinder:44 - Found Android class: android.R
15:39:14.107 [Daemon worker Thread 6] INFO  o.a.p.ModelValidator:42 - Validating elements
15:39:14.107 [Daemon worker Thread 6] DEBUG o.a.p.ModelValidator:62 - Validating with EActivityHandler: [com.xuxu.broadcast.MainActivity]
15:39:14.107 [Daemon worker Thread 6] DEBUG o.a.p.ModelValidator:62 - Validating with ViewByIdHandler: [tv1, tv2, textView3, timeBtn]
15:39:14.117 [Daemon worker Thread 6] DEBUG o.a.p.ModelValidator:62 - Validating with ClickHandler: [textView3Click(), button1CLick()]
15:39:14.117 [Daemon worker Thread 6] DEBUG o.a.p.ModelValidator:62 - Validating with AfterViewsHandler: [setView()]
15:39:14.137 [Daemon worker Thread 6] INFO  o.a.p.ModelProcessor:69 - Processing root elements
15:39:14.137 [Daemon worker Thread 6] DEBUG o.a.p.ModelProcessor:160 - Processing root elements EActivityHandler: [com.xuxu.broadcast.MainActivity]
15:39:14.187 [Daemon worker Thread 6] INFO  o.a.p.ModelProcessor:77 - Processing enclosed elements
15:39:14.197 [Daemon worker Thread 6] INFO  o.a.AndroidAnnotationProcessor:250 - Number of files generated by AndroidAnnotations: 1
15:39:14.197 [Daemon worker Thread 6] INFO  o.a.g.ApiCodeGenerator:52 - Writting following API classes in project: []
15:39:14.207 [Daemon worker Thread 6] DEBUG o.a.g.SourceCodewriter:55 - Generating class: com.xuxu.broadcast.MainActivity_
15:39:14.291 [Daemon worker Thread 6] INFO  o.a.p.TimeStats:81 - Time measurements: [Whole Processing = 244 ms], [Generate Sources = 94 ms], [Process Annotations = 80 ms], [Find R Classes = 30 ms], [Extract Manifest = 10 ms], [Validate Annotations = 10 ms], [Extract Annotations = 0 ms], 
15:39:14.291 [Daemon worker Thread 6] INFO  o.a.AndroidAnnotationProcessor:122 - Finish processing
15:40:19.276 [Daemon worker Thread 6] INFO  o.a.AndroidAnnotationProcessor:84 - Initialize AndroidAnnotations 3.2 with options {androidManifestFile=E:\src\BroadCast\app\build\intermediates\manifests\full\debug\AndroidManifest.xml, resourcePackageName=com.xuxu.broadcast}
15:40:19.423 [Daemon worker Thread 6] INFO  o.a.AndroidAnnotationProcessor:108 - Start processing for 4 annotations on 9 elements
15:40:19.431 [Daemon worker Thread 6] DEBUG o.a.h.AndroidManifestFinder:98 - AndroidManifest.xml file found with specified path: E:\src\BroadCast\app\build\intermediates\manifests\full\debug\AndroidManifest.xml
15:40:19.438 [Daemon worker Thread 6] WARN  o.a.h.AndroidManifestFinder:252 - A class activity declared in the AndroidManifest.xml cannot be found in the compile path: [com.xuxu.broadcast.MainActivity$BootCompleteReceiver]
15:40:19.440 [Daemon worker Thread 6] INFO  o.a.AndroidAnnotationProcessor:171 - AndroidManifest.xml found: AndroidManifest [applicationPackage=com.xuxu.broadcast, componentQualifiedNames=[com.xuxu.broadcast.MainActivity_, com.xuxu.broadcast.NetworkChangeReceiver], permissionQualifiedNames=[android.permission.ACCESS_NETWORK_STATE, android.permission.RECEIVE_BOOT_COMPLETED], applicationClassName=null, libraryProject=false, debugabble=false, minSdkVersion=15, maxSdkVersion=-1, targetSdkVersion=22]
15:40:19.442 [Daemon worker Thread 6] INFO  o.a.r.ProjectRClassFinder:50 - Found project R class: com.xuxu.broadcast.R
15:40:19.451 [Daemon worker Thread 6] INFO  o.a.r.AndroidRClassFinder:44 - Found Android class: android.R
15:40:19.474 [Daemon worker Thread 6] INFO  o.a.p.ModelValidator:42 - Validating elements
15:40:19.475 [Daemon worker Thread 6] DEBUG o.a.p.ModelValidator:62 - Validating with EActivityHandler: [com.xuxu.broadcast.MainActivity]
15:40:19.478 [Daemon worker Thread 6] DEBUG o.a.p.ModelValidator:62 - Validating with ViewByIdHandler: [tv1, tv2, textView3, timeBtn]
15:40:19.482 [Daemon worker Thread 6] DEBUG o.a.p.ModelValidator:62 - Validating with ClickHandler: [textView3Click(), button1CLick()]
15:40:19.486 [Daemon worker Thread 6] DEBUG o.a.p.ModelValidator:62 - Validating with AfterViewsHandler: [setView()]
15:40:19.499 [Daemon worker Thread 6] INFO  o.a.p.ModelProcessor:69 - Processing root elements
15:40:19.500 [Daemon worker Thread 6] DEBUG o.a.p.ModelProcessor:160 - Processing root elements EActivityHandler: [com.xuxu.broadcast.MainActivity]
15:40:19.554 [Daemon worker Thread 6] INFO  o.a.p.ModelProcessor:77 - Processing enclosed elements
15:40:19.561 [Daemon worker Thread 6] INFO  o.a.AndroidAnnotationProcessor:250 - Number of files generated by AndroidAnnotations: 1
15:40:19.565 [Daemon worker Thread 6] INFO  o.a.g.ApiCodeGenerator:52 - Writting following API classes in project: []
15:40:19.569 [Daemon worker Thread 6] DEBUG o.a.g.SourceCodewriter:55 - Generating class: com.xuxu.broadcast.MainActivity_
15:40:19.631 [Daemon worker Thread 6] INFO  o.a.p.TimeStats:81 - Time measurements: [Whole Processing = 208 ms], [Process Annotations = 74 ms], [Generate Sources = 70 ms], [Find R Classes = 20 ms], [Validate Annotations = 13 ms], [Extract Manifest = 11 ms], [Extract Annotations = 5 ms], 
15:40:19.632 [Daemon worker Thread 6] INFO  o.a.AndroidAnnotationProcessor:122 - Finish processing
15:42:36.158 [Daemon worker Thread 7] INFO  o.a.AndroidAnnotationProcessor:84 - Initialize AndroidAnnotations 3.2 with options {androidManifestFile=E:\src\BroadCast\app\build\intermediates\manifests\full\debug\AndroidManifest.xml, resourcePackageName=com.xuxu.broadcast}
15:42:36.289 [Daemon worker Thread 7] INFO  o.a.AndroidAnnotationProcessor:108 - Start processing for 4 annotations on 9 elements
15:42:36.297 [Daemon worker Thread 7] DEBUG o.a.h.AndroidManifestFinder:98 - AndroidManifest.xml file found with specified path: E:\src\BroadCast\app\build\intermediates\manifests\full\debug\AndroidManifest.xml
15:42:36.309 [Daemon worker Thread 7] WARN  o.a.h.AndroidManifestFinder:252 - A class activity declared in the AndroidManifest.xml cannot be found in the compile path: [com.xuxu.broadcast.MainActivity$BootCompleteReceiver]
15:42:36.312 [Daemon worker Thread 7] INFO  o.a.AndroidAnnotationProcessor:171 - AndroidManifest.xml found: AndroidManifest [applicationPackage=com.xuxu.broadcast, componentQualifiedNames=[com.xuxu.broadcast.MainActivity_, com.xuxu.broadcast.NetworkChangeReceiver], permissionQualifiedNames=[android.permission.ACCESS_NETWORK_STATE, android.permission.RECEIVE_BOOT_COMPLETED], applicationClassName=null, libraryProject=false, debugabble=false, minSdkVersion=15, maxSdkVersion=-1, targetSdkVersion=22]
15:42:36.315 [Daemon worker Thread 7] INFO  o.a.r.ProjectRClassFinder:50 - Found project R class: com.xuxu.broadcast.R
15:42:36.326 [Daemon worker Thread 7] INFO  o.a.r.AndroidRClassFinder:44 - Found Android class: android.R
15:42:36.350 [Daemon worker Thread 7] INFO  o.a.p.ModelValidator:42 - Validating elements
15:42:36.350 [Daemon worker Thread 7] DEBUG o.a.p.ModelValidator:62 - Validating with EActivityHandler: [com.xuxu.broadcast.MainActivity]
15:42:36.364 [Daemon worker Thread 7] DEBUG o.a.p.ModelValidator:62 - Validating with ViewByIdHandler: [tv1, tv2, textView3, timeBtn]
15:42:36.367 [Daemon worker Thread 7] DEBUG o.a.p.ModelValidator:62 - Validating with ClickHandler: [textView3Click(), button1CLick()]
15:42:36.372 [Daemon worker Thread 7] DEBUG o.a.p.ModelValidator:62 - Validating with AfterViewsHandler: [setView()]
15:42:36.391 [Daemon worker Thread 7] INFO  o.a.p.ModelProcessor:69 - Processing root elements
15:42:36.392 [Daemon worker Thread 7] DEBUG o.a.p.ModelProcessor:160 - Processing root elements EActivityHandler: [com.xuxu.broadcast.MainActivity]
15:42:36.444 [Daemon worker Thread 7] INFO  o.a.p.ModelProcessor:77 - Processing enclosed elements
15:42:36.448 [Daemon worker Thread 7] INFO  o.a.AndroidAnnotationProcessor:250 - Number of files generated by AndroidAnnotations: 1
15:42:36.451 [Daemon worker Thread 7] INFO  o.a.g.ApiCodeGenerator:52 - Writting following API classes in project: []
15:42:36.454 [Daemon worker Thread 7] DEBUG o.a.g.SourceCodewriter:55 - Generating class: com.xuxu.broadcast.MainActivity_
15:42:36.511 [Daemon worker Thread 7] INFO  o.a.p.TimeStats:81 - Time measurements: [Whole Processing = 221 ms], [Process Annotations = 75 ms], [Generate Sources = 62 ms], [Validate Annotations = 23 ms], [Extract Manifest = 17 ms], [Find R Classes = 17 ms], [Extract Annotations = 4 ms], 
15:42:36.511 [Daemon worker Thread 7] INFO  o.a.AndroidAnnotationProcessor:122 - Finish processing
15:44:21.890 [Daemon worker Thread 8] INFO  o.a.AndroidAnnotationProcessor:84 - Initialize AndroidAnnotations 3.2 with options {androidManifestFile=E:\src\BroadCast\app\build\intermediates\manifests\full\debug\AndroidManifest.xml, resourcePackageName=com.xuxu.broadcast}
15:44:22.11 [Daemon worker Thread 8] INFO  o.a.AndroidAnnotationProcessor:108 - Start processing for 4 annotations on 9 elements
15:44:22.15 [Daemon worker Thread 8] DEBUG o.a.h.AndroidManifestFinder:98 - AndroidManifest.xml file found with specified path: E:\src\BroadCast\app\build\intermediates\manifests\full\debug\AndroidManifest.xml
15:44:22.25 [Daemon worker Thread 8] WARN  o.a.h.AndroidManifestFinder:252 - A class activity declared in the AndroidManifest.xml cannot be found in the compile path: [com.xuxu.broadcast.MainActivity$BootCompleteReceiver]
15:44:22.27 [Daemon worker Thread 8] INFO  o.a.AndroidAnnotationProcessor:171 - AndroidManifest.xml found: AndroidManifest [applicationPackage=com.xuxu.broadcast, componentQualifiedNames=[com.xuxu.broadcast.MainActivity_, com.xuxu.broadcast.NetworkChangeReceiver], permissionQualifiedNames=[android.permission.ACCESS_NETWORK_STATE, android.permission.RECEIVE_BOOT_COMPLETED], applicationClassName=null, libraryProject=false, debugabble=false, minSdkVersion=15, maxSdkVersion=-1, targetSdkVersion=22]
15:44:22.29 [Daemon worker Thread 8] INFO  o.a.r.ProjectRClassFinder:50 - Found project R class: com.xuxu.broadcast.R
15:44:22.36 [Daemon worker Thread 8] INFO  o.a.r.AndroidRClassFinder:44 - Found Android class: android.R
15:44:22.62 [Daemon worker Thread 8] INFO  o.a.p.ModelValidator:42 - Validating elements
15:44:22.63 [Daemon worker Thread 8] DEBUG o.a.p.ModelValidator:62 - Validating with EActivityHandler: [com.xuxu.broadcast.MainActivity]
15:44:22.67 [Daemon worker Thread 8] DEBUG o.a.p.ModelValidator:62 - Validating with ViewByIdHandler: [tv1, tv2, textView3, timeBtn]
15:44:22.70 [Daemon worker Thread 8] DEBUG o.a.p.ModelValidator:62 - Validating with ClickHandler: [textView3Click(), button1CLick()]
15:44:22.73 [Daemon worker Thread 8] DEBUG o.a.p.ModelValidator:62 - Validating with AfterViewsHandler: [setView()]
15:44:22.88 [Daemon worker Thread 8] INFO  o.a.p.ModelProcessor:69 - Processing root elements
15:44:22.88 [Daemon worker Thread 8] DEBUG o.a.p.ModelProcessor:160 - Processing root elements EActivityHandler: [com.xuxu.broadcast.MainActivity]
15:44:22.129 [Daemon worker Thread 8] INFO  o.a.p.ModelProcessor:77 - Processing enclosed elements
15:44:22.135 [Daemon worker Thread 8] INFO  o.a.AndroidAnnotationProcessor:250 - Number of files generated by AndroidAnnotations: 1
15:44:22.138 [Daemon worker Thread 8] INFO  o.a.g.ApiCodeGenerator:52 - Writting following API classes in project: []
15:44:22.141 [Daemon worker Thread 8] DEBUG o.a.g.SourceCodewriter:55 - Generating class: com.xuxu.broadcast.MainActivity_
15:44:22.198 [Daemon worker Thread 8] INFO  o.a.p.TimeStats:81 - Time measurements: [Whole Processing = 187 ms], [Generate Sources = 63 ms], [Process Annotations = 61 ms], [Find R Classes = 19 ms], [Extract Manifest = 12 ms], [Validate Annotations = 12 ms], [Extract Annotations = 3 ms], 
15:44:22.199 [Daemon worker Thread 8] INFO  o.a.AndroidAnnotationProcessor:122 - Finish processing
15:45:29.833 [Daemon worker Thread 8] INFO  o.a.AndroidAnnotationProcessor:84 - Initialize AndroidAnnotations 3.2 with options {androidManifestFile=E:\src\BroadCast\app\build\intermediates\manifests\full\debug\AndroidManifest.xml, resourcePackageName=com.xuxu.broadcast}
15:45:29.948 [Daemon worker Thread 8] INFO  o.a.AndroidAnnotationProcessor:108 - Start processing for 4 annotations on 9 elements
15:45:29.958 [Daemon worker Thread 8] DEBUG o.a.h.AndroidManifestFinder:98 - AndroidManifest.xml file found with specified path: E:\src\BroadCast\app\build\intermediates\manifests\full\debug\AndroidManifest.xml
15:45:29.964 [Daemon worker Thread 8] WARN  o.a.h.AndroidManifestFinder:252 - A class activity declared in the AndroidManifest.xml cannot be found in the compile path: [com.xuxu.broadcast.MainActivity$BootCompleteReceiver]
15:45:29.966 [Daemon worker Thread 8] INFO  o.a.AndroidAnnotationProcessor:171 - AndroidManifest.xml found: AndroidManifest [applicationPackage=com.xuxu.broadcast, componentQualifiedNames=[com.xuxu.broadcast.MainActivity_, com.xuxu.broadcast.NetworkChangeReceiver], permissionQualifiedNames=[android.permission.ACCESS_NETWORK_STATE, android.permission.RECEIVE_BOOT_COMPLETED], applicationClassName=null, libraryProject=false, debugabble=false, minSdkVersion=15, maxSdkVersion=-1, targetSdkVersion=22]
15:45:29.968 [Daemon worker Thread 8] INFO  o.a.r.ProjectRClassFinder:50 - Found project R class: com.xuxu.broadcast.R
15:45:29.979 [Daemon worker Thread 8] INFO  o.a.r.AndroidRClassFinder:44 - Found Android class: android.R
15:45:30.11 [Daemon worker Thread 8] INFO  o.a.p.ModelValidator:42 - Validating elements
15:45:30.11 [Daemon worker Thread 8] DEBUG o.a.p.ModelValidator:62 - Validating with EActivityHandler: [com.xuxu.broadcast.MainActivity]
15:45:30.17 [Daemon worker Thread 8] DEBUG o.a.p.ModelValidator:62 - Validating with ViewByIdHandler: [tv1, tv2, textView3, timeBtn]
15:45:30.20 [Daemon worker Thread 8] DEBUG o.a.p.ModelValidator:62 - Validating with ClickHandler: [textView3Click(), button1CLick()]
15:45:30.24 [Daemon worker Thread 8] DEBUG o.a.p.ModelValidator:62 - Validating with AfterViewsHandler: [setView()]
15:45:30.43 [Daemon worker Thread 8] INFO  o.a.p.ModelProcessor:69 - Processing root elements
15:45:30.43 [Daemon worker Thread 8] DEBUG o.a.p.ModelProcessor:160 - Processing root elements EActivityHandler: [com.xuxu.broadcast.MainActivity]
15:45:30.88 [Daemon worker Thread 8] INFO  o.a.p.ModelProcessor:77 - Processing enclosed elements
15:45:30.93 [Daemon worker Thread 8] INFO  o.a.AndroidAnnotationProcessor:250 - Number of files generated by AndroidAnnotations: 1
15:45:30.95 [Daemon worker Thread 8] INFO  o.a.g.ApiCodeGenerator:52 - Writting following API classes in project: []
15:45:30.98 [Daemon worker Thread 8] DEBUG o.a.g.SourceCodewriter:55 - Generating class: com.xuxu.broadcast.MainActivity_
15:45:30.162 [Daemon worker Thread 8] INFO  o.a.p.TimeStats:81 - Time measurements: [Whole Processing = 214 ms], [Process Annotations = 69 ms], [Generate Sources = 69 ms], [Find R Classes = 27 ms], [Validate Annotations = 14 ms], [Extract Manifest = 10 ms], [Extract Annotations = 7 ms], 
15:45:30.162 [Daemon worker Thread 8] INFO  o.a.AndroidAnnotationProcessor:122 - Finish processing
14:47:59.741 [Daemon worker] INFO  o.a.AndroidAnnotationProcessor:84 - Initialize AndroidAnnotations 3.2 with options {androidManifestFile=E:\src\BroadCast\app\build\intermediates\manifests\full\debug\AndroidManifest.xml, resourcePackageName=com.xuxu.broadcast}
14:48:00.72 [Daemon worker] INFO  o.a.AndroidAnnotationProcessor:108 - Start processing for 4 annotations on 10 elements
14:48:00.101 [Daemon worker] DEBUG o.a.h.AndroidManifestFinder:98 - AndroidManifest.xml file found with specified path: E:\src\BroadCast\app\build\intermediates\manifests\full\debug\AndroidManifest.xml
14:48:00.598 [Daemon worker] WARN  o.a.h.AndroidManifestFinder:252 - A class activity declared in the AndroidManifest.xml cannot be found in the compile path: [com.xuxu.broadcast.MainActivity$BootCompleteReceiver]
14:48:00.598 [Daemon worker] INFO  o.a.AndroidAnnotationProcessor:171 - AndroidManifest.xml found: AndroidManifest [applicationPackage=com.xuxu.broadcast, componentQualifiedNames=[com.xuxu.broadcast.MainActivity_, com.xuxu.broadcast.NetworkChangeReceiver], permissionQualifiedNames=[android.permission.ACCESS_NETWORK_STATE, android.permission.RECEIVE_BOOT_COMPLETED], applicationClassName=null, libraryProject=false, debugabble=false, minSdkVersion=15, maxSdkVersion=-1, targetSdkVersion=22]
14:48:00.598 [Daemon worker] INFO  o.a.r.ProjectRClassFinder:50 - Found project R class: com.xuxu.broadcast.R
14:48:00.689 [Daemon worker] INFO  o.a.r.AndroidRClassFinder:44 - Found Android class: android.R
14:48:00.819 [Daemon worker] INFO  o.a.p.ModelValidator:42 - Validating elements
14:48:00.820 [Daemon worker] DEBUG o.a.p.ModelValidator:62 - Validating with EActivityHandler: [com.xuxu.broadcast.MainActivity]
14:48:00.848 [Daemon worker] DEBUG o.a.p.ModelValidator:62 - Validating with ViewByIdHandler: [tv1, tv2, textView3, timeBtn]
14:48:00.852 [Daemon worker] DEBUG o.a.p.ModelValidator:62 - Validating with ClickHandler: [textView3Click(), button1CLick()]
14:48:00.860 [Daemon worker] DEBUG o.a.p.ModelValidator:62 - Validating with AfterViewsHandler: [setView()]
14:48:00.882 [Daemon worker] INFO  o.a.p.ModelProcessor:69 - Processing root elements
14:48:00.883 [Daemon worker] DEBUG o.a.p.ModelProcessor:160 - Processing root elements EActivityHandler: [com.xuxu.broadcast.MainActivity]
14:48:01.6 [Daemon worker] INFO  o.a.p.ModelProcessor:77 - Processing enclosed elements
14:48:01.12 [Daemon worker] INFO  o.a.AndroidAnnotationProcessor:250 - Number of files generated by AndroidAnnotations: 1
14:48:01.16 [Daemon worker] INFO  o.a.g.ApiCodeGenerator:52 - Writting following API classes in project: []
14:48:01.20 [Daemon worker] DEBUG o.a.g.SourceCodewriter:55 - Generating class: com.xuxu.broadcast.MainActivity_
14:48:01.928 [Daemon worker] INFO  o.a.p.TimeStats:81 - Time measurements: [Whole Processing = 1856 ms], [Generate Sources = 916 ms], [Extract Manifest = 500 ms], [Find R Classes = 177 ms], [Process Annotations = 151 ms], [Validate Annotations = 43 ms], [Extract Annotations = 24 ms], 
14:48:01.929 [Daemon worker] INFO  o.a.AndroidAnnotationProcessor:122 - Finish processing
14:49:57.687 [Daemon worker Thread 2] INFO  o.a.AndroidAnnotationProcessor:84 - Initialize AndroidAnnotations 3.2 with options {androidManifestFile=E:\src\BroadCast\app\build\intermediates\manifests\full\debug\AndroidManifest.xml, resourcePackageName=com.xuxu.broadcast}
14:49:58.257 [Daemon worker Thread 2] INFO  o.a.AndroidAnnotationProcessor:108 - Start processing for 4 annotations on 10 elements
14:49:58.275 [Daemon worker Thread 2] DEBUG o.a.h.AndroidManifestFinder:98 - AndroidManifest.xml file found with specified path: E:\src\BroadCast\app\build\intermediates\manifests\full\debug\AndroidManifest.xml
14:49:58.284 [Daemon worker Thread 2] WARN  o.a.h.AndroidManifestFinder:252 - A class activity declared in the AndroidManifest.xml cannot be found in the compile path: [com.xuxu.broadcast.MainActivity$BootCompleteReceiver]
14:49:58.286 [Daemon worker Thread 2] INFO  o.a.AndroidAnnotationProcessor:171 - AndroidManifest.xml found: AndroidManifest [applicationPackage=com.xuxu.broadcast, componentQualifiedNames=[com.xuxu.broadcast.MainActivity_, com.xuxu.broadcast.NetworkChangeReceiver], permissionQualifiedNames=[android.permission.ACCESS_NETWORK_STATE, android.permission.RECEIVE_BOOT_COMPLETED], applicationClassName=null, libraryProject=false, debugabble=false, minSdkVersion=15, maxSdkVersion=-1, targetSdkVersion=22]
14:49:58.288 [Daemon worker Thread 2] INFO  o.a.r.ProjectRClassFinder:50 - Found project R class: com.xuxu.broadcast.R
14:49:58.303 [Daemon worker Thread 2] INFO  o.a.r.AndroidRClassFinder:44 - Found Android class: android.R
14:49:58.346 [Daemon worker Thread 2] INFO  o.a.p.ModelValidator:42 - Validating elements
14:49:58.347 [Daemon worker Thread 2] DEBUG o.a.p.ModelValidator:62 - Validating with EActivityHandler: [com.xuxu.broadcast.MainActivity]
14:49:58.363 [Daemon worker Thread 2] DEBUG o.a.p.ModelValidator:62 - Validating with ViewByIdHandler: [tv1, tv2, textView3, timeBtn]
14:49:58.369 [Daemon worker Thread 2] DEBUG o.a.p.ModelValidator:62 - Validating with ClickHandler: [textView3Click(), button1CLick()]
14:49:58.374 [Daemon worker Thread 2] DEBUG o.a.p.ModelValidator:62 - Validating with AfterViewsHandler: [setView()]
14:49:58.393 [Daemon worker Thread 2] INFO  o.a.p.ModelProcessor:69 - Processing root elements
14:49:58.394 [Daemon worker Thread 2] DEBUG o.a.p.ModelProcessor:160 - Processing root elements EActivityHandler: [com.xuxu.broadcast.MainActivity]
14:49:58.461 [Daemon worker Thread 2] INFO  o.a.p.ModelProcessor:77 - Processing enclosed elements
14:49:58.468 [Daemon worker Thread 2] INFO  o.a.AndroidAnnotationProcessor:250 - Number of files generated by AndroidAnnotations: 1
14:49:58.473 [Daemon worker Thread 2] INFO  o.a.g.ApiCodeGenerator:52 - Writting following API classes in project: []
14:49:58.478 [Daemon worker Thread 2] DEBUG o.a.g.SourceCodewriter:55 - Generating class: com.xuxu.broadcast.MainActivity_
14:49:58.599 [Daemon worker Thread 2] INFO  o.a.p.TimeStats:81 - Time measurements: [Whole Processing = 342 ms], [Generate Sources = 131 ms], [Process Annotations = 93 ms], [Find R Classes = 38 ms], [Validate Annotations = 30 ms], [Extract Annotations = 14 ms], [Extract Manifest = 14 ms], 
14:49:58.600 [Daemon worker Thread 2] INFO  o.a.AndroidAnnotationProcessor:122 - Finish processing
11:05:23.493 [Daemon worker] INFO  o.a.AndroidAnnotationProcessor:84 - Initialize AndroidAnnotations 3.2 with options {androidManifestFile=E:\src\BroadCast\app\build\intermediates\manifests\full\debug\AndroidManifest.xml, resourcePackageName=com.xuxu.broadcast}
11:05:23.793 [Daemon worker] INFO  o.a.AndroidAnnotationProcessor:108 - Start processing for 4 annotations on 10 elements
11:05:23.837 [Daemon worker] DEBUG o.a.h.AndroidManifestFinder:98 - AndroidManifest.xml file found with specified path: E:\src\BroadCast\app\build\intermediates\manifests\full\debug\AndroidManifest.xml
11:05:24.339 [Daemon worker] WARN  o.a.h.AndroidManifestFinder:252 - A class activity declared in the AndroidManifest.xml cannot be found in the compile path: [com.xuxu.broadcast.MainActivity$BootCompleteReceiver]
11:05:24.341 [Daemon worker] INFO  o.a.AndroidAnnotationProcessor:171 - AndroidManifest.xml found: AndroidManifest [applicationPackage=com.xuxu.broadcast, componentQualifiedNames=[com.xuxu.broadcast.MainActivity_, com.xuxu.broadcast.NetworkChangeReceiver], permissionQualifiedNames=[android.permission.ACCESS_NETWORK_STATE, android.permission.RECEIVE_BOOT_COMPLETED], applicationClassName=null, libraryProject=false, debugabble=false, minSdkVersion=15, maxSdkVersion=-1, targetSdkVersion=22]
11:05:24.342 [Daemon worker] INFO  o.a.r.ProjectRClassFinder:50 - Found project R class: com.xuxu.broadcast.R
11:05:24.394 [Daemon worker] INFO  o.a.r.AndroidRClassFinder:44 - Found Android class: android.R
11:05:24.527 [Daemon worker] INFO  o.a.p.ModelValidator:42 - Validating elements
11:05:24.528 [Daemon worker] DEBUG o.a.p.ModelValidator:62 - Validating with EActivityHandler: [com.xuxu.broadcast.MainActivity]
11:05:24.554 [Daemon worker] DEBUG o.a.p.ModelValidator:62 - Validating with ViewByIdHandler: [tv1, tv2, textView3, timeBtn]
11:05:24.559 [Daemon worker] DEBUG o.a.p.ModelValidator:62 - Validating with ClickHandler: [textView3Click(), button1CLick()]
11:05:24.563 [Daemon worker] DEBUG o.a.p.ModelValidator:62 - Validating with AfterViewsHandler: [setView()]
11:05:24.577 [Daemon worker] INFO  o.a.p.ModelProcessor:69 - Processing root elements
11:05:24.578 [Daemon worker] DEBUG o.a.p.ModelProcessor:160 - Processing root elements EActivityHandler: [com.xuxu.broadcast.MainActivity]
11:05:24.666 [Daemon worker] INFO  o.a.p.ModelProcessor:77 - Processing enclosed elements
11:05:24.670 [Daemon worker] INFO  o.a.AndroidAnnotationProcessor:250 - Number of files generated by AndroidAnnotations: 1
11:05:24.674 [Daemon worker] INFO  o.a.g.ApiCodeGenerator:52 - Writting following API classes in project: []
11:05:24.677 [Daemon worker] DEBUG o.a.g.SourceCodewriter:55 - Generating class: com.xuxu.broadcast.MainActivity_
11:05:24.742 [Daemon worker] INFO  o.a.p.TimeStats:81 - Time measurements: [Whole Processing = 949 ms], [Extract Manifest = 508 ms], [Find R Classes = 143 ms], [Process Annotations = 106 ms], [Generate Sources = 72 ms], [Validate Annotations = 39 ms], [Extract Annotations = 38 ms], 
11:05:24.743 [Daemon worker] INFO  o.a.AndroidAnnotationProcessor:122 - Finish processing
11:11:55.214 [Daemon worker Thread 2] INFO  o.a.AndroidAnnotationProcessor:84 - Initialize AndroidAnnotations 3.2 with options {androidManifestFile=E:\src\BroadCast\app\build\intermediates\manifests\full\debug\AndroidManifest.xml, resourcePackageName=com.xuxu.broadcast}
11:11:55.419 [Daemon worker Thread 2] INFO  o.a.AndroidAnnotationProcessor:108 - Start processing for 4 annotations on 10 elements
11:11:55.434 [Daemon worker Thread 2] DEBUG o.a.h.AndroidManifestFinder:98 - AndroidManifest.xml file found with specified path: E:\src\BroadCast\app\build\intermediates\manifests\full\debug\AndroidManifest.xml
11:11:55.445 [Daemon worker Thread 2] WARN  o.a.h.AndroidManifestFinder:252 - A class activity declared in the AndroidManifest.xml cannot be found in the compile path: [com.xuxu.broadcast.MainActivity$BootCompleteReceiver]
11:11:55.447 [Daemon worker Thread 2] INFO  o.a.AndroidAnnotationProcessor:171 - AndroidManifest.xml found: AndroidManifest [applicationPackage=com.xuxu.broadcast, componentQualifiedNames=[com.xuxu.broadcast.MainActivity_, com.xuxu.broadcast.NetworkChangeReceiver], permissionQualifiedNames=[android.permission.ACCESS_NETWORK_STATE, android.permission.RECEIVE_BOOT_COMPLETED], applicationClassName=null, libraryProject=false, debugabble=false, minSdkVersion=15, maxSdkVersion=-1, targetSdkVersion=22]
11:11:55.449 [Daemon worker Thread 2] INFO  o.a.r.ProjectRClassFinder:50 - Found project R class: com.xuxu.broadcast.R
11:11:55.465 [Daemon worker Thread 2] INFO  o.a.r.AndroidRClassFinder:44 - Found Android class: android.R
11:11:55.503 [Daemon worker Thread 2] INFO  o.a.p.ModelValidator:42 - Validating elements
11:11:55.504 [Daemon worker Thread 2] DEBUG o.a.p.ModelValidator:62 - Validating with EActivityHandler: [com.xuxu.broadcast.MainActivity]
11:11:55.511 [Daemon worker Thread 2] DEBUG o.a.p.ModelValidator:62 - Validating with ViewByIdHandler: [tv1, tv2, textView3, timeBtn]
11:11:55.516 [Daemon worker Thread 2] DEBUG o.a.p.ModelValidator:62 - Validating with ClickHandler: [textView3Click(), button1CLick()]
11:11:55.521 [Daemon worker Thread 2] DEBUG o.a.p.ModelValidator:62 - Validating with AfterViewsHandler: [setView()]
11:11:55.542 [Daemon worker Thread 2] INFO  o.a.p.ModelProcessor:69 - Processing root elements
11:11:55.543 [Daemon worker Thread 2] DEBUG o.a.p.ModelProcessor:160 - Processing root elements EActivityHandler: [com.xuxu.broadcast.MainActivity]
11:11:55.610 [Daemon worker Thread 2] INFO  o.a.p.ModelProcessor:77 - Processing enclosed elements
11:11:55.616 [Daemon worker Thread 2] INFO  o.a.AndroidAnnotationProcessor:250 - Number of files generated by AndroidAnnotations: 1
11:11:55.622 [Daemon worker Thread 2] INFO  o.a.g.ApiCodeGenerator:52 - Writting following API classes in project: []
11:11:55.626 [Daemon worker Thread 2] DEBUG o.a.g.SourceCodewriter:55 - Generating class: com.xuxu.broadcast.MainActivity_
11:11:55.716 [Daemon worker Thread 2] INFO  o.a.p.TimeStats:81 - Time measurements: [Whole Processing = 296 ms], [Generate Sources = 99 ms], [Process Annotations = 94 ms], [Find R Classes = 36 ms], [Validate Annotations = 20 ms], [Extract Manifest = 16 ms], [Extract Annotations = 11 ms], 
11:11:55.716 [Daemon worker Thread 2] INFO  o.a.AndroidAnnotationProcessor:122 - Finish processing
11:13:05.138 [Daemon worker Thread 2] INFO  o.a.AndroidAnnotationProcessor:84 - Initialize AndroidAnnotations 3.2 with options {androidManifestFile=E:\src\BroadCast\app\build\intermediates\manifests\full\debug\AndroidManifest.xml, resourcePackageName=com.xuxu.broadcast}
11:13:05.343 [Daemon worker Thread 2] INFO  o.a.AndroidAnnotationProcessor:108 - Start processing for 4 annotations on 10 elements
11:13:05.357 [Daemon worker Thread 2] DEBUG o.a.h.AndroidManifestFinder:98 - AndroidManifest.xml file found with specified path: E:\src\BroadCast\app\build\intermediates\manifests\full\debug\AndroidManifest.xml
11:13:05.366 [Daemon worker Thread 2] WARN  o.a.h.AndroidManifestFinder:252 - A class activity declared in the AndroidManifest.xml cannot be found in the compile path: [com.xuxu.broadcast.MainActivity$BootCompleteReceiver]
11:13:05.367 [Daemon worker Thread 2] INFO  o.a.AndroidAnnotationProcessor:171 - AndroidManifest.xml found: AndroidManifest [applicationPackage=com.xuxu.broadcast, componentQualifiedNames=[com.xuxu.broadcast.MainActivity_, com.xuxu.broadcast.NetworkChangeReceiver], permissionQualifiedNames=[android.permission.ACCESS_NETWORK_STATE, android.permission.RECEIVE_BOOT_COMPLETED], applicationClassName=null, libraryProject=false, debugabble=false, minSdkVersion=15, maxSdkVersion=-1, targetSdkVersion=22]
11:13:05.368 [Daemon worker Thread 2] INFO  o.a.r.ProjectRClassFinder:50 - Found project R class: com.xuxu.broadcast.R
11:13:05.381 [Daemon worker Thread 2] INFO  o.a.r.AndroidRClassFinder:44 - Found Android class: android.R
11:13:05.426 [Daemon worker Thread 2] INFO  o.a.p.ModelValidator:42 - Validating elements
11:13:05.427 [Daemon worker Thread 2] DEBUG o.a.p.ModelValidator:62 - Validating with EActivityHandler: [com.xuxu.broadcast.MainActivity]
11:13:05.433 [Daemon worker Thread 2] DEBUG o.a.p.ModelValidator:62 - Validating with ViewByIdHandler: [tv1, tv2, textView3, timeBtn]
11:13:05.437 [Daemon worker Thread 2] DEBUG o.a.p.ModelValidator:62 - Validating with ClickHandler: [textView3Click(), button1CLick()]
11:13:05.443 [Daemon worker Thread 2] DEBUG o.a.p.ModelValidator:62 - Validating with AfterViewsHandler: [setView()]
11:13:05.469 [Daemon worker Thread 2] INFO  o.a.p.ModelProcessor:69 - Processing root elements
11:13:05.470 [Daemon worker Thread 2] DEBUG o.a.p.ModelProcessor:160 - Processing root elements EActivityHandler: [com.xuxu.broadcast.MainActivity]
11:13:05.520 [Daemon worker Thread 2] INFO  o.a.p.ModelProcessor:77 - Processing enclosed elements
11:13:05.527 [Daemon worker Thread 2] INFO  o.a.AndroidAnnotationProcessor:250 - Number of files generated by AndroidAnnotations: 1
11:13:05.532 [Daemon worker Thread 2] INFO  o.a.g.ApiCodeGenerator:52 - Writting following API classes in project: []
11:13:05.535 [Daemon worker Thread 2] DEBUG o.a.g.SourceCodewriter:55 - Generating class: com.xuxu.broadcast.MainActivity_
11:13:05.621 [Daemon worker Thread 2] INFO  o.a.p.TimeStats:81 - Time measurements: [Whole Processing = 278 ms], [Generate Sources = 95 ms], [Process Annotations = 82 ms], [Find R Classes = 34 ms], [Validate Annotations = 19 ms], [Extract Manifest = 13 ms], [Extract Annotations = 9 ms], 
11:13:05.621 [Daemon worker Thread 2] INFO  o.a.AndroidAnnotationProcessor:122 - Finish processing
11:14:49.466 [Daemon worker Thread 3] INFO  o.a.AndroidAnnotationProcessor:84 - Initialize AndroidAnnotations 3.2 with options {androidManifestFile=E:\src\BroadCast\app\build\intermediates\manifests\full\debug\AndroidManifest.xml, resourcePackageName=com.xuxu.broadcast}
11:14:49.632 [Daemon worker Thread 3] INFO  o.a.AndroidAnnotationProcessor:108 - Start processing for 4 annotations on 10 elements
11:14:49.643 [Daemon worker Thread 3] DEBUG o.a.h.AndroidManifestFinder:98 - AndroidManifest.xml file found with specified path: E:\src\BroadCast\app\build\intermediates\manifests\full\debug\AndroidManifest.xml
11:14:49.654 [Daemon worker Thread 3] WARN  o.a.h.AndroidManifestFinder:252 - A class activity declared in the AndroidManifest.xml cannot be found in the compile path: [com.xuxu.broadcast.MainActivity$BootCompleteReceiver]
11:14:49.657 [Daemon worker Thread 3] INFO  o.a.AndroidAnnotationProcessor:171 - AndroidManifest.xml found: AndroidManifest [applicationPackage=com.xuxu.broadcast, componentQualifiedNames=[com.xuxu.broadcast.MainActivity_, com.xuxu.broadcast.NetworkChangeReceiver], permissionQualifiedNames=[android.permission.ACCESS_NETWORK_STATE, android.permission.RECEIVE_BOOT_COMPLETED], applicationClassName=null, libraryProject=false, debugabble=false, minSdkVersion=15, maxSdkVersion=-1, targetSdkVersion=22]
11:14:49.659 [Daemon worker Thread 3] INFO  o.a.r.ProjectRClassFinder:50 - Found project R class: com.xuxu.broadcast.R
11:14:49.672 [Daemon worker Thread 3] INFO  o.a.r.AndroidRClassFinder:44 - Found Android class: android.R
11:14:49.705 [Daemon worker Thread 3] INFO  o.a.p.ModelValidator:42 - Validating elements
11:14:49.705 [Daemon worker Thread 3] DEBUG o.a.p.ModelValidator:62 - Validating with EActivityHandler: [com.xuxu.broadcast.MainActivity]
11:14:49.710 [Daemon worker Thread 3] DEBUG o.a.p.ModelValidator:62 - Validating with ViewByIdHandler: [tv1, tv2, textView3, timeBtn]
11:14:49.716 [Daemon worker Thread 3] DEBUG o.a.p.ModelValidator:62 - Validating with ClickHandler: [textView3Click(), button1CLick()]
11:14:49.721 [Daemon worker Thread 3] DEBUG o.a.p.ModelValidator:62 - Validating with AfterViewsHandler: [setView()]
11:14:49.744 [Daemon worker Thread 3] INFO  o.a.p.ModelProcessor:69 - Processing root elements
11:14:49.745 [Daemon worker Thread 3] DEBUG o.a.p.ModelProcessor:160 - Processing root elements EActivityHandler: [com.xuxu.broadcast.MainActivity]
11:14:49.802 [Daemon worker Thread 3] INFO  o.a.p.ModelProcessor:77 - Processing enclosed elements
11:14:49.807 [Daemon worker Thread 3] INFO  o.a.AndroidAnnotationProcessor:250 - Number of files generated by AndroidAnnotations: 1
11:14:49.812 [Daemon worker Thread 3] INFO  o.a.g.ApiCodeGenerator:52 - Writting following API classes in project: []
11:14:49.816 [Daemon worker Thread 3] DEBUG o.a.g.SourceCodewriter:55 - Generating class: com.xuxu.broadcast.MainActivity_
11:14:49.885 [Daemon worker Thread 3] INFO  o.a.p.TimeStats:81 - Time measurements: [Whole Processing = 253 ms], [Process Annotations = 85 ms], [Generate Sources = 78 ms], [Find R Classes = 30 ms], [Validate Annotations = 18 ms], [Extract Manifest = 17 ms], [Extract Annotations = 7 ms], 
11:14:49.885 [Daemon worker Thread 3] INFO  o.a.AndroidAnnotationProcessor:122 - Finish processing
11:21:06.192 [Daemon worker Thread 4] INFO  o.a.AndroidAnnotationProcessor:84 - Initialize AndroidAnnotations 3.2 with options {androidManifestFile=E:\src\BroadCast\app\build\intermediates\manifests\full\debug\AndroidManifest.xml, resourcePackageName=com.xuxu.broadcast}
11:21:06.396 [Daemon worker Thread 4] INFO  o.a.AndroidAnnotationProcessor:108 - Start processing for 4 annotations on 10 elements
11:21:06.405 [Daemon worker Thread 4] DEBUG o.a.h.AndroidManifestFinder:98 - AndroidManifest.xml file found with specified path: E:\src\BroadCast\app\build\intermediates\manifests\full\debug\AndroidManifest.xml
11:21:06.412 [Daemon worker Thread 4] WARN  o.a.h.AndroidManifestFinder:252 - A class activity declared in the AndroidManifest.xml cannot be found in the compile path: [com.xuxu.broadcast.MainActivity$BootCompleteReceiver]
11:21:06.414 [Daemon worker Thread 4] INFO  o.a.AndroidAnnotationProcessor:171 - AndroidManifest.xml found: AndroidManifest [applicationPackage=com.xuxu.broadcast, componentQualifiedNames=[com.xuxu.broadcast.MainActivity_, com.xuxu.broadcast.NetworkChangeReceiver], permissionQualifiedNames=[android.permission.ACCESS_NETWORK_STATE, android.permission.RECEIVE_BOOT_COMPLETED], applicationClassName=null, libraryProject=false, debugabble=false, minSdkVersion=15, maxSdkVersion=-1, targetSdkVersion=22]
11:21:06.415 [Daemon worker Thread 4] INFO  o.a.r.ProjectRClassFinder:50 - Found project R class: com.xuxu.broadcast.R
11:21:06.423 [Daemon worker Thread 4] INFO  o.a.r.AndroidRClassFinder:44 - Found Android class: android.R
11:21:06.454 [Daemon worker Thread 4] INFO  o.a.p.ModelValidator:42 - Validating elements
11:21:06.454 [Daemon worker Thread 4] DEBUG o.a.p.ModelValidator:62 - Validating with EActivityHandler: [com.xuxu.broadcast.MainActivity]
11:21:06.459 [Daemon worker Thread 4] DEBUG o.a.p.ModelValidator:62 - Validating with ViewByIdHandler: [tv1, tv2, textView3, timeBtn]
11:21:06.464 [Daemon worker Thread 4] DEBUG o.a.p.ModelValidator:62 - Validating with ClickHandler: [textView3Click(), button1CLick()]
11:21:06.467 [Daemon worker Thread 4] DEBUG o.a.p.ModelValidator:62 - Validating with AfterViewsHandler: [setView()]
11:21:06.481 [Daemon worker Thread 4] INFO  o.a.p.ModelProcessor:69 - Processing root elements
11:21:06.482 [Daemon worker Thread 4] DEBUG o.a.p.ModelProcessor:160 - Processing root elements EActivityHandler: [com.xuxu.broadcast.MainActivity]
11:21:06.521 [Daemon worker Thread 4] INFO  o.a.p.ModelProcessor:77 - Processing enclosed elements
11:21:06.526 [Daemon worker Thread 4] INFO  o.a.AndroidAnnotationProcessor:250 - Number of files generated by AndroidAnnotations: 1
11:21:06.529 [Daemon worker Thread 4] INFO  o.a.g.ApiCodeGenerator:52 - Writting following API classes in project: []
11:21:06.531 [Daemon worker Thread 4] DEBUG o.a.g.SourceCodewriter:55 - Generating class: com.xuxu.broadcast.MainActivity_
11:21:06.589 [Daemon worker Thread 4] INFO  o.a.p.TimeStats:81 - Time measurements: [Whole Processing = 193 ms], [Generate Sources = 64 ms], [Process Annotations = 58 ms], [Find R Classes = 24 ms], [Validate Annotations = 14 ms], [Extract Manifest = 12 ms], [Extract Annotations = 5 ms], 
11:21:06.589 [Daemon worker Thread 4] INFO  o.a.AndroidAnnotationProcessor:122 - Finish processing
